[    0.000000] Initializing cgroup subsys cpuset
[    0.000000] Initializing cgroup subsys cpu
[    0.000000] Initializing cgroup subsys cpuacct
[    0.000000] Linux version 4.4.0-72-generic (buildd@lcy01-17) (gcc version 5.4.0 20160609 (Ubuntu 5.4.0-6ubuntu1~16.04.4) ) #93-Ubuntu SMP Fri Mar 31 14:07:41 UTC 2017 (Ubuntu 4.4.0-72.93-generic 4.4.49)
[    0.000000] Command line: BOOT_IMAGE=/boot/vmlinuz-4.4.0-72-generic root=LABEL=cloudimg-rootfs ro console=tty1 console=ttyS0
[    0.000000] KERNEL supported cpus:
[    0.000000]   Intel GenuineIntel
[    0.000000]   AMD AuthenticAMD
[    0.000000]   Centaur CentaurHauls
[    0.000000] x86/fpu: xstate_offset[2]:  576, xstate_sizes[2]:  256
[    0.000000] x86/fpu: Supporting XSAVE feature 0x01: 'x87 floating point registers'
[    0.000000] x86/fpu: Supporting XSAVE feature 0x02: 'SSE registers'
[    0.000000] x86/fpu: Supporting XSAVE feature 0x04: 'AVX registers'
[    0.000000] x86/fpu: Enabled xstate features 0x7, context size is 832 bytes, using 'standard' format.
[    0.000000] x86/fpu: Using 'lazy' FPU context switches.
[    0.000000] e820: BIOS-provided physical RAM map:
[    0.000000] BIOS-e820: [mem 0x0000000000000000-0x000000000009fbff] usable
[    0.000000] BIOS-e820: [mem 0x000000000009fc00-0x000000000009ffff] reserved
[    0.000000] BIOS-e820: [mem 0x00000000000f0000-0x00000000000fffff] reserved
[    0.000000] BIOS-e820: [mem 0x0000000000100000-0x000000001ffeffff] usable
[    0.000000] BIOS-e820: [mem 0x000000001fff0000-0x000000001fffffff] ACPI data
[    0.000000] BIOS-e820: [mem 0x00000000fec00000-0x00000000fec00fff] reserved
[    0.000000] BIOS-e820: [mem 0x00000000fee00000-0x00000000fee00fff] reserved
[    0.000000] BIOS-e820: [mem 0x00000000fffc0000-0x00000000ffffffff] reserved
[    0.000000] NX (Execute Disable) protection: active
[    0.000000] SMBIOS 2.5 present.
[    0.000000] Hypervisor detected: KVM
[    0.000000] e820: last_pfn = 0x1fff0 max_arch_pfn = 0x400000000
[    0.000000] MTRR: Disabled
[    0.000000] x86/PAT: MTRRs disabled, skipping PAT initialization too.
[    0.000000] x86/PAT: Configuration [0-7]: WB  WT  UC- UC  WB  WT  UC- UC  
[    0.000000] CPU MTRRs all blank - virtualized system.
[    0.000000] found SMP MP-table at [mem 0x0009fff0-0x0009ffff] mapped at [ffff88000009fff0]
[    0.000000] Scanning 1 areas for low memory corruption
[    0.000000] RAMDISK: [mem 0x1ece5000-0x1f76cfff]
[    0.000000] ACPI: Early table checksum verification disabled
[    0.000000] ACPI: RSDP 0x00000000000E0000 000024 (v02 VBOX  )
[    0.000000] ACPI: XSDT 0x000000001FFF0030 00003C (v01 VBOX   VBOXXSDT 00000001 ASL  00000061)
[    0.000000] ACPI: FACP 0x000000001FFF00F0 0000F4 (v04 VBOX   VBOXFACP 00000001 ASL  00000061)
[    0.000000] ACPI: DSDT 0x000000001FFF0470 0021C8 (v02 VBOX   VBOXBIOS 00000002 INTL 20100528)
[    0.000000] ACPI: FACS 0x000000001FFF0200 000040
[    0.000000] ACPI: FACS 0x000000001FFF0200 000040
[    0.000000] ACPI: APIC 0x000000001FFF0240 00005C (v02 VBOX   VBOXAPIC 00000001 ASL  00000061)
[    0.000000] ACPI: SSDT 0x000000001FFF02A0 0001CC (v01 VBOX   VBOXCPUT 00000002 INTL 20100528)
[    0.000000] No NUMA configuration found
[    0.000000] Faking a node at [mem 0x0000000000000000-0x000000001ffeffff]
[    0.000000] NODE_DATA(0) allocated [mem 0x1ffeb000-0x1ffeffff]
[    0.000000] kvm-clock: Using msrs 4b564d01 and 4b564d00
[    0.000000] kvm-clock: cpu 0, msr 0:1ffe3001, primary cpu clock
[    0.000000] kvm-clock: using sched offset of 3518815390 cycles
[    0.000000] clocksource: kvm-clock: mask: 0xffffffffffffffff max_cycles: 0x1cd42e4dffb, max_idle_ns: 881590591483 ns
[    0.000000] Zone ranges:
[    0.000000]   DMA      [mem 0x0000000000001000-0x0000000000ffffff]
[    0.000000]   DMA32    [mem 0x0000000001000000-0x000000001ffeffff]
[    0.000000]   Normal   empty
[    0.000000]   Device   empty
[    0.000000] Movable zone start for each node
[    0.000000] Early memory node ranges
[    0.000000]   node   0: [mem 0x0000000000001000-0x000000000009efff]
[    0.000000]   node   0: [mem 0x0000000000100000-0x000000001ffeffff]
[    0.000000] Initmem setup node 0 [mem 0x0000000000001000-0x000000001ffeffff]
[    0.000000] ACPI: PM-Timer IO Port: 0x4008
[    0.000000] IOAPIC[0]: apic_id 2, version 32, address 0xfec00000, GSI 0-23
[    0.000000] ACPI: INT_SRC_OVR (bus 0 bus_irq 0 global_irq 2 dfl dfl)
[    0.000000] ACPI: INT_SRC_OVR (bus 0 bus_irq 9 global_irq 9 high level)
[    0.000000] Using ACPI (MADT) for SMP configuration information
[    0.000000] smpboot: Allowing 2 CPUs, 0 hotplug CPUs
[    0.000000] PM: Registered nosave memory: [mem 0x00000000-0x00000fff]
[    0.000000] PM: Registered nosave memory: [mem 0x0009f000-0x0009ffff]
[    0.000000] PM: Registered nosave memory: [mem 0x000a0000-0x000effff]
[    0.000000] PM: Registered nosave memory: [mem 0x000f0000-0x000fffff]
[    0.000000] e820: [mem 0x20000000-0xfebfffff] available for PCI devices
[    0.000000] Booting paravirtualized kernel on KVM
[    0.000000] clocksource: refined-jiffies: mask: 0xffffffff max_cycles: 0xffffffff, max_idle_ns: 7645519600211568 ns
[    0.000000] setup_percpu: NR_CPUS:512 nr_cpumask_bits:512 nr_cpu_ids:2 nr_node_ids:1
[    0.000000] PERCPU: Embedded 33 pages/cpu @ffff88001fc00000 s98264 r8192 d28712 u1048576
[    0.000000] PV qspinlock hash table entries: 256 (order: 0, 4096 bytes)
[    0.000000] Built 1 zonelists in Node order, mobility grouping on.  Total pages: 128889
[    0.000000] Policy zone: DMA32
[    0.000000] Kernel command line: BOOT_IMAGE=/boot/vmlinuz-4.4.0-72-generic root=LABEL=cloudimg-rootfs ro console=tty1 console=ttyS0
[    0.000000] PID hash table entries: 2048 (order: 2, 16384 bytes)
[    0.000000] Memory: 485716K/523832K available (8452K kernel code, 1293K rwdata, 3976K rodata, 1484K init, 1316K bss, 38116K reserved, 0K cma-reserved)
[    0.000000] SLUB: HWalign=64, Order=0-3, MinObjects=0, CPUs=2, Nodes=1
[    0.000000] Hierarchical RCU implementation.
[    0.000000] 	Build-time adjustment of leaf fanout to 64.
[    0.000000] 	RCU restricting CPUs from NR_CPUS=512 to nr_cpu_ids=2.
[    0.000000] RCU: Adjusting geometry for rcu_fanout_leaf=64, nr_cpu_ids=2
[    0.000000] NR_IRQS:33024 nr_irqs:440 16
[    0.000000] Console: colour VGA+ 80x25
[    0.000000] console [tty1] enabled
[    0.000000] console [ttyS0] enabled
[    0.000000] tsc: Detected 1599.999 MHz processor
[    2.361887] Calibrating delay loop (skipped) preset value.. 3199.99 BogoMIPS (lpj=6399996)
[    2.372390] pid_max: default: 32768 minimum: 301
[    2.397472] ACPI: Core revision 20150930
[    2.430479] ACPI: 2 ACPI AML tables successfully acquired and loaded
[    2.460736] Security Framework initialized
[    2.462103] Yama: becoming mindful.
[    2.471331] AppArmor: AppArmor initialized
[    2.516264] Dentry cache hash table entries: 65536 (order: 7, 524288 bytes)
[    2.528553] Inode-cache hash table entries: 32768 (order: 6, 262144 bytes)
[    2.574412] Mount-cache hash table entries: 1024 (order: 1, 8192 bytes)
[    2.590009] Mountpoint-cache hash table entries: 1024 (order: 1, 8192 bytes)
[    2.636714] Initializing cgroup subsys io
[    2.678054] Initializing cgroup subsys memory
[    2.716786] Initializing cgroup subsys devices
[    2.729351] Initializing cgroup subsys freezer
[    2.730544] Initializing cgroup subsys net_cls
[    2.731708] Initializing cgroup subsys perf_event
[    2.741540] Initializing cgroup subsys net_prio
[    2.742809] Initializing cgroup subsys hugetlb
[    2.746405] Initializing cgroup subsys pids
[    2.758758] CPU: Physical Processor ID: 0
[    2.784141] CPU: Processor Core ID: 0
[    2.786225] mce: CPU supports 0 MCE banks
[    2.827829] Last level iTLB entries: 4KB 64, 2MB 8, 4MB 8
[    2.838076] Last level dTLB entries: 4KB 64, 2MB 0, 4MB 0, 1GB 4
[    2.858597] Freeing SMP alternatives memory: 32K (ffffffff820b8000 - ffffffff820c0000)
[    2.920823] ftrace: allocating 32111 entries in 126 pages
[    3.004422] smpboot: APIC(0) Converting physical 0 to logical package 0
[    3.025538] smpboot: Max logical packages: 1
[    3.068966] x2apic enabled
[    3.083160] Switched APIC routing to physical x2apic.
[    3.137755] ..TIMER: vector=0x30 apic1=0 pin1=2 apic2=-1 pin2=-1
[    3.279540] smpboot: CPU0: Intel(R) Core(TM) i5-5250U CPU @ 1.60GHz (family: 0x6, model: 0x3d, stepping: 0x4)
[    3.359176] Performance Events: unsupported p6 CPU model 61 no PMU driver, software events only.
[    3.464766] KVM setup paravirtual spinlock
[    3.488030] x86: Booting SMP configuration:
[    3.492748] .... node  #0, CPUs:      #1
[    3.499852] kvm-clock: cpu 1, msr 0:1ffe3041, secondary cpu clock
[    3.506917] mce: CPU supports 0 MCE banks
[    3.509782] x86: Booted up 1 node, 2 CPUs
[    3.511343] smpboot: Total of 2 processors activated (6399.99 BogoMIPS)
[    3.523299] devtmpfs: initialized
[    3.528501] evm: security.selinux
[    3.544725] evm: security.SMACK64
[    3.592163] evm: security.SMACK64EXEC
[    3.595154] evm: security.SMACK64TRANSMUTE
[    3.602062] evm: security.SMACK64MMAP
[    3.603150] evm: security.ima
[    3.606789] evm: security.capability
[    3.608219] clocksource: jiffies: mask: 0xffffffff max_cycles: 0xffffffff, max_idle_ns: 7645041785100000 ns
[    3.613113] pinctrl core: initialized pinctrl subsystem
[    3.615403] RTC time: 10:32:38, date: 04/24/17
[    3.617864] NET: Registered protocol family 16
[    3.664861] cpuidle: using governor ladder
[    3.697147] cpuidle: using governor menu
[    3.727488] PCCT header not found.
[    3.777336] ACPI: bus type PCI registered
[    3.788145] acpiphp: ACPI Hot Plug PCI Controller Driver version: 0.5
[    3.845492] PCI: Using configuration type 1 for base access
[    3.916751] ACPI: Added _OSI(Module Device)
[    3.962548] ACPI: Added _OSI(Processor Device)
[    3.963930] ACPI: Added _OSI(3.0 _SCP Extensions)
[    3.965630] ACPI: Added _OSI(Processor Aggregator Device)
[    3.968222] ACPI: Executed 1 blocks of module-level executable AML code
[    3.976520] ACPI: Interpreter enabled
[    3.978835] ACPI: (supports S0 S5)
[    3.979923] ACPI: Using IOAPIC for interrupt routing
[    3.981478] PCI: Using host bridge windows from ACPI; if necessary, use "pci=nocrs" and report a bug
[    3.994198] ACPI: PCI Root Bridge [PCI0] (domain 0000 [bus 00-ff])
[    3.995937] acpi PNP0A03:00: _OSC: OS supports [ASPM ClockPM Segments MSI]
[    3.997879] acpi PNP0A03:00: _OSC failed (AE_NOT_FOUND); disabling ASPM
[    3.999695] acpi PNP0A03:00: fail to add MMCONFIG information, can't access extended PCI configuration space under this bridge.
[    4.003108] PCI host bridge to bus 0000:00
[    4.007419] pci_bus 0000:00: root bus resource [io  0x0000-0x0cf7 window]
[    4.009199] pci_bus 0000:00: root bus resource [io  0x0d00-0xffff window]
[    4.032251] pci_bus 0000:00: root bus resource [mem 0x000a0000-0x000bffff window]
[    4.080746] pci_bus 0000:00: root bus resource [mem 0x20000000-0xffdfffff window]
[    4.168882] pci_bus 0000:00: root bus resource [bus 00-ff]
[    4.224330] pci 0000:00:01.1: legacy IDE quirk: reg 0x10: [io  0x01f0-0x01f7]
[    4.282895] pci 0000:00:01.1: legacy IDE quirk: reg 0x14: [io  0x03f6]
[    4.348710] pci 0000:00:01.1: legacy IDE quirk: reg 0x18: [io  0x0170-0x0177]
[    4.366343] pci 0000:00:01.1: legacy IDE quirk: reg 0x1c: [io  0x0376]
[    4.414492] pci 0000:00:07.0: quirk: [io  0x4000-0x403f] claimed by PIIX4 ACPI
[    4.426038] pci 0000:00:07.0: quirk: [io  0x4100-0x410f] claimed by PIIX4 SMB
[    4.476920] ACPI: PCI Interrupt Link [LNKA] (IRQs 5 9 10 *11)
[    4.514284] ACPI: PCI Interrupt Link [LNKB] (IRQs 5 9 10 *11)
[    4.593261] ACPI: PCI Interrupt Link [LNKC] (IRQs 5 9 *10 11)
[    4.624281] ACPI: PCI Interrupt Link [LNKD] (IRQs 5 *9 10 11)
[    4.628661] ACPI: Enabled 2 GPEs in block 00 to 07
[    4.635210] vgaarb: setting as boot device: PCI:0000:00:02.0
[    4.665057] vgaarb: device added: PCI:0000:00:02.0,decodes=io+mem,owns=io+mem,locks=none
[    4.710407] vgaarb: loaded
[    4.719392] vgaarb: bridge control possible 0000:00:02.0
[    4.732575] SCSI subsystem initialized
[    4.742317] ACPI: bus type USB registered
[    4.744918] usbcore: registered new interface driver usbfs
[    4.752003] usbcore: registered new interface driver hub
[    4.753626] usbcore: registered new device driver usb
[    4.755792] PCI: Using ACPI for IRQ routing
[    4.758580] NetLabel: Initializing
[    4.761983] NetLabel:  domain hash size = 128
[    4.768735] NetLabel:  protocols = UNLABELED CIPSOv4
[    4.801684] NetLabel:  unlabeled traffic allowed by default
[    4.827235] amd_nb: Cannot enumerate AMD northbridges
[    4.862843] clocksource: Switched to clocksource kvm-clock
[    4.909090] AppArmor: AppArmor Filesystem Enabled
[    4.938134] pnp: PnP ACPI init
[    4.966652] pnp: PnP ACPI: found 3 devices
[    5.005764] clocksource: acpi_pm: mask: 0xffffff max_cycles: 0xffffff, max_idle_ns: 2085701024 ns
[    5.030606] NET: Registered protocol family 2
[    5.032021] TCP established hash table entries: 4096 (order: 3, 32768 bytes)
[    5.074343] TCP bind hash table entries: 4096 (order: 4, 65536 bytes)
[    5.090990] TCP: Hash tables configured (established 4096 bind 4096)
[    5.092550] UDP hash table entries: 256 (order: 1, 8192 bytes)
[    5.156916] UDP-Lite hash table entries: 256 (order: 1, 8192 bytes)
[    5.207472] NET: Registered protocol family 1
[    5.263419] pci 0000:00:00.0: Limiting direct PCI/PCI transfers
[    5.356320] pci 0000:00:01.0: Activating ISA DMA hang workarounds
[    5.427693] Unpacking initramfs...
[    7.632427] Freeing initrd memory: 10784K (ffff88001ece5000 - ffff88001f76d000)
[    7.763777] RAPL PMU detected, API unit is 2^-32 Joules, 4 fixed counters 10737418240 ms ovfl timer
[    7.878693] hw unit of domain pp0-core 2^-0 Joules
[    7.927276] hw unit of domain package 2^-0 Joules
[    7.936137] hw unit of domain dram 2^-0 Joules
[    8.003744] hw unit of domain pp1-gpu 2^-0 Joules
[    8.025085] platform rtc_cmos: registered platform RTC device (no PNP device found)
[    8.045320] Scanning for low memory corruption every 60 seconds
[    8.048113] futex hash table entries: 512 (order: 3, 32768 bytes)
[    8.050239] audit: initializing netlink subsys (disabled)
[    8.073030] audit: type=2000 audit(1493029963.445:1): initialized
[    8.081616] Initialise system trusted keyring
[    8.145717] HugeTLB registered 2 MB page size, pre-allocated 0 pages
[    8.169719] zbud: loaded
[    8.170960] VFS: Disk quotas dquot_6.6.0
[    8.172168] VFS: Dquot-cache hash table entries: 512 (order 0, 4096 bytes)
[    8.175555] squashfs: version 4.0 (2009/01/31) Phillip Lougher
[    8.177821] fuse init (API version 7.23)
[    8.181132] Key type big_key registered
[    8.185963] Allocating IMA MOK and blacklist keyrings.
[    8.188907] Key type asymmetric registered
[    8.213754] Asymmetric key parser 'x509' registered
[    8.247190] Block layer SCSI generic (bsg) driver version 0.4 loaded (major 249)
[    8.252851] io scheduler noop registered
[    8.254886] io scheduler deadline registered (default)
[    8.264505] io scheduler cfq registered
[    8.265830] pci_hotplug: PCI Hot Plug PCI Core version: 0.5
[    8.267414] pciehp: PCI Express Hot Plug Controller Driver version: 0.4
[    8.269520] ACPI: AC Adapter [AC] (off-line)
[    8.273744] input: Power Button as /devices/LNXSYSTM:00/LNXPWRBN:00/input/input0
[    8.277204] ACPI: Power Button [PWRF]
[    8.291194] input: Sleep Button as /devices/LNXSYSTM:00/LNXSLPBN:00/input/input1
[    8.307151] ACPI: Sleep Button [SLPF]
[    8.308729] GHES: HEST is not enabled!
[    8.310023] ACPI: Battery Slot [BAT0] (battery present)
[    8.336482] Serial: 8250/16550 driver, 32 ports, IRQ sharing enabled
[    8.383196] 00:02: ttyS0 at I/O 0x3f8 (irq = 4, base_baud = 115200) is a 16550A
[    8.441991] Linux agpgart interface v0.103
[    8.446330] loop: module loaded
[    8.498839] scsi host0: ata_piix
[    8.508363] scsi host1: ata_piix
[    8.544589] ata1: PATA max UDMA/33 cmd 0x1f0 ctl 0x3f6 bmdma 0xd000 irq 14
[    8.592617] ata2: PATA max UDMA/33 cmd 0x170 ctl 0x376 bmdma 0xd008 irq 15
[    8.660799] libphy: Fixed MDIO Bus: probed
[    8.724851] tun: Universal TUN/TAP device driver, 1.6
[    8.787586] tun: (C) 1999-2004 Max Krasnyansky <maxk@qualcomm.com>
[    8.879231] PPP generic driver version 2.4.2
[    8.965551] ehci_hcd: USB 2.0 'Enhanced' Host Controller (EHCI) Driver
[    8.986594] ehci-pci: EHCI PCI platform driver
[    9.016328] ehci-platform: EHCI generic platform driver
[    9.017822] ohci_hcd: USB 1.1 'Open' Host Controller (OHCI) Driver
[    9.019534] ohci-pci: OHCI PCI platform driver
[    9.020815] ohci-platform: OHCI generic platform driver
[    9.025075] tsc: Refined TSC clocksource calibration: 1599.121 MHz
[    9.026745] clocksource: tsc: mask: 0xffffffffffffffff max_cycles: 0x170ce697f20, max_idle_ns: 440795256563 ns
[    9.030742] uhci_hcd: USB Universal Host Controller Interface driver
[    9.032566] i8042: PNP: PS/2 Controller [PNP0303:PS2K,PNP0f03:PS2M] at 0x60,0x64 irq 1,12
[    9.035875] serio: i8042 KBD port at 0x60,0x64 irq 1
[    9.063440] serio: i8042 AUX port at 0x60,0x64 irq 12
[    9.065056] mousedev: PS/2 mouse device common for all mice
[    9.110127] rtc_cmos rtc_cmos: rtc core: registered rtc_cmos as rtc0
[    9.160715] rtc_cmos rtc_cmos: alarms up to one day, 114 bytes nvram
[    9.169463] input: AT Translated Set 2 keyboard as /devices/platform/i8042/serio0/input/input2
[    9.192534] i2c /dev entries driver
[    9.197522] device-mapper: uevent: version 1.0.3
[    9.231294] device-mapper: ioctl: 4.34.0-ioctl (2015-10-28) initialised: dm-devel@redhat.com
[    9.253716] ledtrig-cpu: registered to indicate activity on CPUs
[    9.281338] NET: Registered protocol family 10
[    9.313266] NET: Registered protocol family 17
[    9.314581] Key type dns_resolver registered
[    9.322422] microcode: CPU0 sig=0x306d4, pf=0x40, revision=0x0
[    9.376107] microcode: CPU1 sig=0x306d4, pf=0x40, revision=0x0
[    9.387923] microcode: Microcode Update Driver: v2.01 <tigran@aivazian.fsnet.co.uk>, Peter Oruba
[    9.449911] registered taskstats version 1
[    9.487502] Loading compiled-in X.509 certificates
[    9.577667] Loaded X.509 cert 'Build time autogenerated kernel key: 04ae903e4643330d1fe41947e79c28b436494994'
[    9.736954] zswap: loaded using pool lzo/zbud
[    9.744693] Key type trusted registered
[    9.803275] Key type encrypted registered
[    9.825342] AppArmor: AppArmor sha1 policy hashing enabled
[    9.827001] ima: No TPM chip found, activating TPM-bypass!
[    9.842808] evm: HMAC attrs: 0x1
[    9.844241]   Magic number: 13:328:528
[    9.862449] rtc_cmos rtc_cmos: setting system clock to 2017-04-24 10:32:44 UTC (1493029964)
[    9.885715] BIOS EDD facility v0.16 2004-Jun-25, 0 devices found
[    9.956029] EDD information not available.
[    9.998511] Freeing unused kernel memory: 1484K (ffffffff81f45000 - ffffffff820b8000)
[   10.072086] Write protecting the kernel read-only data: 14336k
[   10.142412] Freeing unused kernel memory: 1776K (ffff880001844000 - ffff880001a00000)
[   10.225119] Freeing unused kernel memory: 120K (ffff880001de2000 - ffff880001e00000)
Loading, please wait...
starting version 229
[   10.342694] random: systemd-udevd: uninitialized urandom read (16 bytes read, 5 bits of entropy available)
[   10.343045] random: udevadm: uninitialized urandom read (16 bytes read, 5 bits of entropy available)
[   10.343103] random: udevadm: uninitialized urandom read (16 bytes read, 5 bits of entropy available)
[   10.343292] random: udevadm: uninitialized urandom read (16 bytes read, 5 bits of entropy available)
[   10.343365] random: udevadm: uninitialized urandom read (16 bytes read, 5 bits of entropy available)
[   10.343430] random: udevadm: uninitialized urandom read (16 bytes read, 5 bits of entropy available)
[   10.343498] random: udevadm: uninitialized urandom read (16 bytes read, 5 bits of entropy available)
[   10.343570] random: udevadm: uninitialized urandom read (16 bytes read, 5 bits of entropy available)
[   10.343773] random: udevadm: uninitialized urandom read (16 bytes read, 5 bits of entropy available)
[   10.343874] random: udevadm: uninitialized urandom read (16 bytes read, 5 bits of entropy available)
[   10.597798] e1000: Intel(R) PRO/1000 Network Driver - version 7.3.21-k8-NAPI
[   10.612954] e1000: Copyright (c) 1999-2006 Intel Corporation.
[   10.631842] Fusion MPT base driver 3.04.20
[   10.640195] Copyright (c) 1999-2008 LSI Corporation
[   10.648083] Fusion MPT SPI Host driver 3.04.20
[   10.669360] AVX version of gcm_enc/dec engaged.
[   10.677291] AES CTR mode by8 optimization enabled
[   10.927315] input: ImExPS/2 Generic Explorer Mouse as /devices/platform/i8042/serio1/input/input4
[   11.025304] e1000 0000:00:03.0 eth0: (PCI:33MHz:32-bit) 02:e9:0e:e1:e6:45
[   11.077463] e1000 0000:00:03.0 eth0: Intel(R) PRO/1000 Network Connection
[   11.525852] e1000 0000:00:08.0 eth1: (PCI:33MHz:32-bit) 08:00:27:5b:62:55
[   11.606886] e1000 0000:00:08.0 eth1: Intel(R) PRO/1000 Network Connection
[   11.662311] mptbase: ioc0: Initiating bringup
[   11.662630] e1000 0000:00:08.0 enp0s8: renamed from eth1
[   11.731483] e1000 0000:00:03.0 enp0s3: renamed from eth0
[   11.843598] ioc0: LSI53C1030 A0: Capabilities={Initiator}
[   12.086211] scsi host2: ioc0: LSI53C1030 A0, FwRev=00000000h, Ports=1, MaxQ=256, IRQ=20
[   12.279792] scsi 2:0:0:0: Direct-Access     VBOX     HARDDISK         1.0  PQ: 0 ANSI: 5
[   12.402666] scsi target2:0:0: Beginning Domain Validation
[   12.543892] scsi target2:0:0: Domain Validation skipping write tests
[   12.561521] scsi target2:0:0: Ending Domain Validation
[   12.573373] scsi target2:0:0: asynchronous
[   12.581782] scsi 2:0:1:0: Direct-Access     VBOX     HARDDISK         1.0  PQ: 0 ANSI: 5
[   12.601529] scsi target2:0:1: Beginning Domain Validation
[   12.620282] scsi target2:0:1: Domain Validation skipping write tests
[   12.657751] scsi target2:0:1: Ending Domain Validation
[   12.667018] scsi target2:0:1: asynchronous
[   12.685905] sd 2:0:0:0: [sda] 20971520 512-byte logical blocks: (10.7 GB/10.0 GiB)
[   12.691468] sd 2:0:0:0: Attached scsi generic sg0 type 0
[   12.691718] sd 2:0:1:0: Attached scsi generic sg1 type 0
[   12.776280] sd 2:0:1:0: [sdb] 20480 512-byte logical blocks: (10.5 MB/10.0 MiB)
[   12.776568] sd 2:0:0:0: [sda] Write Protect is off
[   12.776696] sd 2:0:0:0: [sda] Incomplete mode parameter data
[   12.776697] sd 2:0:0:0: [sda] Assuming drive cache: write through
[   12.807249] sd 2:0:1:0: [sdb] Write Protect is off
[   12.809820]  sda: sda1
[   12.887251] sd 2:0:1:0: [sdb] Incomplete mode parameter data
[   12.887582] sd 2:0:0:0: [sda] Attached SCSI disk
[   13.028423] sd 2:0:1:0: [sdb] Assuming drive cache: write through
[   13.087473] sd 2:0:1:0: [sdb] Attached SCSI disk
[   13.651460] floppy0: no floppy controllers found
Begin: Loading e[   15.171366] md: linear personality registered for level -1
ssential drivers ... [   15.229042] md: multipath personality registered for level -4
[   15.242693] md: raid0 personality registered for level 0
[   15.255545] md: raid1 personality registered for level 1
[   15.332505] raid6: sse2x1   gen()  7581 MB/s
[   15.398866] raid6: sse2x1   xor()  5291 MB/s
[   15.466869] raid6: sse2x2   gen()  9016 MB/s
[   15.579394] raid6: sse2x2   xor()  6297 MB/s
[   15.659167] raid6: sse2x4   gen() 11435 MB/s
[   15.804192] raid6: sse2x4   xor()  7862 MB/s
[   15.814999] raid6: using algorithm sse2x4 gen() 11435 MB/s
[   15.816492] raid6: .... xor() 7862 MB/s, rmw enabled
[   15.858668] raid6: using ssse3x2 recovery algorithm
[   15.872124] xor: automatically using best checksumming function:
[   15.972613]    avx       : 22065.000 MB/sec
[   15.978395] async_tx: api initialized (async)
[   15.990698] md: raid6 personality registered for level 6
[   16.003039] md: raid5 personality registered for level 5
[   16.009841] md: raid4 personality registered for level 4
[   16.045161] md: raid10 personality registered for level 10
done.
Begin: Running /scripts/init-premount ... done.
Begin: Mounting root file system ... Begin: Running /scripts/lo[   16.130877] Btrfs loaded
cal-top ... done.
Begin: Running /scripts/local-premount ... Scanning for Btrfs filesystems
done.
Warning: fsck not present, so sk[   16.221084] EXT4-fs (sda1): mounted filesystem with ordered data mode. Opts: (null)
ipping root file system
done.
Begin: Running /scripts/local-bottom ... done.
Begin: Running /scripts/init-bottom ... done.
[   16.673501] systemd[1]: systemd 229 running in system mode. (+PAM +AUDIT +SELINUX +IMA +APPARMOR +SMACK +SYSVINIT +UTMP +LIBCRYPTSETUP +GCRYPT +GNUTLS +ACL +XZ -LZ4 +SECCOMP +BLKID +ELFUTILS +KMOD -IDN)
[   16.908961] systemd[1]: Detected virtualization oracle.
[   16.944619] systemd[1]: Detected architecture x86-64.

Welcome to [1mUbuntu 16.04.2 LTS[0m!

[   17.025716] systemd[1]: Set hostname to <ubuntu>.
[   17.067688] systemd[1]: Initializing machine ID from random generator.
[   17.089022] systemd[1]: Installed transient /etc/machine-id file.
[   17.829963] systemd[1]: Reached target Swap.
[[0;32m  OK  [0m] Reached target Swap.
[   17.927561] systemd[1]: Listening on LVM2 poll daemon socket.
[[0;32m  OK  [0m] Listening on LVM2 poll daemon socket.
[   18.063848] systemd[1]: Started Forward Password Requests to Wall Directory Watch.
[[0;32m  OK  [0m] Started Forward Password Requests to Wall Directory Watch.
[   18.247998] systemd[1]: Created slice User and Session Slice.
[[0;32m  OK  [0m] Created slice User and Session Slice.
[   18.347414] systemd[1]: Set up automount Arbitrary Executable File Formats File System Automount Point.
[[0;32m  OK  [0m] Set up automount Arbitrary Executab...ats File System Automount Point.
[   18.427209] systemd[1]: Listening on /dev/initctl Compatibility Named Pipe.
[[0;32m  OK  [0m] Listening on /dev/initctl Compatibility Named Pipe.
[   18.443490] systemd[1]: Created slice System Slice.
[[0;32m  OK  [0m] Created slice System Slice.
[   18.540683] systemd[1]: Created slice system-serial\x2dgetty.slice.
[[0;32m  OK  [0m] Created slice system-serial\x2dgetty.slice.
[   18.655516] systemd[1]: Listening on LVM2 metadata daemon socket.
[[0;32m  OK  [0m] Listening on LVM2 metadata daemon socket.
[   18.719740] systemd[1]: Listening on Device-mapper event daemon FIFOs.
[[0;32m  OK  [0m] Listening on Device-mapper event daemon FIFOs.
[   18.771520] systemd[1]: Reached target User and Group Name Lookups.
[[0;32m  OK  [0m] Reached target User and Group Name Lookups.
[   18.891290] systemd[1]: Listening on udev Kernel Socket.
[[0;32m  OK  [0m] Listening on udev Kernel Socket.
[   19.047357] systemd[1]: Reached target Slices.
[[0;32m  OK  [0m] Reached target Slices.
[   19.087634] systemd[1]: Listening on udev Control Socket.
[[0;32m  OK  [0m] Listening on udev Control Socket.
[   19.167588] systemd[1]: Listening on Journal Socket.
[[0;32m  OK  [0m] Listening on Journal Socket.
[   19.304226] random: nonblocking pool is initialized
[   19.411913] systemd[1]: Starting Load Kernel Modules...
         Starting Load Kernel Modules...[   19.499305] Loading iSCSI transport class v2.0-870.

[   19.592582] iscsi: registered transport (tcp)
[   19.596118] systemd[1]: Starting Monitoring of LVM2 mirrors, snapshots etc. using dmeventd or progress polling...
         Starting Monitoring of LVM2 mirrors... dmeventd or progress polling...
[   19.775280] systemd[1]: Starting Create list of required static device nodes for the current kernel...
         Starting Create [   19.860261] iscsi: registered transport (iser)
list of required st... nodes for the current kernel...
[   19.995346] systemd[1]: Mounting Huge Pages File System...
         Mounting Huge Pages File System...
[   20.059915] systemd[1]: Starting Remount Root and Kernel File Systems...
         [   20.104446] EXT4-fs (sda1): re-mounted. Opts: (null)
Starting Remount Root and Kernel File Systems...
[   20.199562] systemd[1]: Starting Nameserver information manager...
         Starting Nameserver information manager...
[   20.275378] systemd[1]: Starting Uncomplicated firewall...
         Starting Uncomplicated firewall...
[   20.331454] systemd[1]: Starting Set console keymap...
         Starting Set console keymap...
[   20.423192] systemd[1]: Listening on Journal Audit Socket.
[[0;32m  OK  [0m] Listening on Journal Audit Socket.
[   20.503422] systemd[1]: Listening on Syslog Socket.
[[0;32m  OK  [0m] Listening on Syslog Socket.
[   20.619337] systemd[1]: Reached target Encrypted Volumes.
[[0;32m  OK  [0m] Reached target Encrypted Volumes.
[   20.683618] systemd[1]: Mounting POSIX Message Queue File System...
         Mounting POSIX Message Queue File System...
[   20.698339] systemd[1]: Listening on Journal Socket (/dev/log).
[[0;32m  OK  [0m] Listening on Journal Socket (/dev/log).
[   20.739255] systemd[1]: Starting Journal Service...
         Starting Journal Service...
[   20.787466] systemd[1]: Mounting Debug File System...
         Mounting Debug File System...
[   20.813460] systemd[1]: Mounted Huge Pages File System.
[[0;32m  OK  [0m] Mounted Huge Pages File System.
[   20.859672] systemd[1]: Mounted POSIX Message Queue File System.
[[0;32m  OK  [0m] Mounted POSIX Message Queue File System.
[   20.955469] systemd[1]: Mounted Debug File System.
[[0;32m  OK  [0m] Mounted Debug File System.
[   21.067693] systemd[1]: Started Journal Service.
[[0;32m  OK  [0m] Started Journal Service.
[[0;32m  OK  [0m] Started Load Kernel Modules.
[[0;32m  OK  [0m] Started Create list of required sta...ce nodes for the current kernel.
[[0;32m  OK  [0m] Started Remount Root and Kernel File Systems.
[[0;32m  OK  [0m] Started Uncomplicated firewall.
[[0;32m  OK  [0m] Started Set console keymap.
[[0;32m  OK  [0m] Started Nameserver information manager.
[[0;32m  OK  [0m] Started LVM2 metadata daemon.
         Starting udev Coldplug all Devices...
         Starting Load/Save Random Seed...
         Starting Initial cloud-init job (pre-networking)...
         Starting Create Static Device Nodes in /dev...
         Starting Apply Kernel Variables...
         Mounting FUSE Control File System...
         Starting Flush Journal to Persistent Storage...
[[0;32m  OK  [0m] Mounted FUSE Control File System.
[[0;32m  OK  [0m] Started Load/Save Random Seed.
[[0;32m  OK  [0m] Started Create Static Device Nodes in /dev.
[[0;32m  OK  [0m] Started Monitoring of LVM2 mirrors,...ng dmeventd or progress polling.
[[0;32m  OK  [0m] Started Apply Kernel Variables.
[[0;32m  OK  [0m] Started udev Coldplug all Devices.
[[0;32m  OK  [0m] Started Flush Journal to Persistent Storage.
         Starting udev Kernel Device Manager...
[[0;32m  OK  [0m] Started udev Kernel Device Manager.
[[0;32m  OK  [0m] Reached target Local File Systems (Pre).
[[0;32m  OK  [0m] Reached target Local File Systems.
         Starting Create Volatile Files and Directories...
         Starting Set console font and keymap...
         Starting Tell Plymouth To Write Out Runtime Data...
         Starting LSB: AppArmor initialization...
         Starting Commit a transient machine-id on disk...
[[0;32m  OK  [0m] Started Dispatch Password Requests to Console Directory Watch.
[[0;32m  OK  [0m] Started Create Volatile Files and Directories.
[[0;32m  OK  [0m] Started Tell Plymouth To Write Out Runtime Data.
[[0;32m  OK  [0m] Started Commit a transient machine-id on disk.
[[0;32m  OK  [0m] Found device /dev/ttyS0.
[[0;32m  OK  [0m] Listening on Load/Save RF Kill Switch Status /dev/rfkill Watch.
[[0;32m  OK  [0m] Reached target System Time Synchronized.
         Starting Update UTMP about System Boot/Shutdown...
[[0;32m  OK  [0m] Started Set console font and keymap.
[[0;32m  OK  [0m] Started Update UTMP about System Boot/Shutdown.
[[0;32m  OK  [0m] Created slice system-getty.slice.
[[0;32m  OK  [0m] Started LSB: AppArmor initialization.
[   19.764367] cloud-init[450]: Cloud-init v. 0.7.9 running 'init-local' at Mon, 24 Apr 2017 10:32:58 +0000. Up 19.25 seconds.
[[0;32m  OK  [0m] Started Initial cloud-init job (pre-networking).
[[0;32m  OK  [0m] Reached target Network (Pre).
         Starting Raise network interfaces...
[[0;32m  OK  [0m] Started Raise network interfaces.
[[0;32m  OK  [0m] Reached target Network.
         Starting Initial cloud-init job (metadata service crawler)...
[   22.595846] cloud-init[946]: Cloud-init v. 0.7.9 running 'init' at Mon, 24 Apr 2017 10:33:00 +0000. Up 21.62 seconds.
[   22.669227] [cloud-init[0;32m  OK  [0m[946]: ] ci-info: +++++++++++++++++++++++++++++++++++++Net device info++++++++++++++++++++++++++++++++++++++Started Initial cloud-init job (metadata service crawler).

[   22.729602] [cloud-init[0;32m  OK  [0m[946]: ] ci-info: +--------+-------+---------------------------+---------------+-------+-------------------+Reached target System Initialization.

[   22.730270] [cloud-init[0;32m  OK  [0m[946]: ] ci-info: | Device |   Up  |          Address          |      Mask     | Scope |     Hw-Address    |Listening on ACPID Listen Socket.

[[0;32m  OK  [0m] Started Daily apt activities.
[   22.853649] cloud-init[946]: ci-info: +--------+-------+---------------------------+---------------+-------+-------------------+
         Starting Socket activation for snappy daemon.
[[0;32m  OK  [0m] Started Timer to automatically refresh installed snaps.
[   22.946378] cloud-init[946]: ci-info: | enp0s3 |  True |         10.0.2.15         | 255.255.255.0 |   .   | 02:e9:0e:e1:e6:45 |
[   23.156784] [cloud-init[0;32m  OK  [0m[946]: ] ci-info: | enp0s3 |  True | fe80::e9:eff:fee1:e645/64 |       .       |  link | 02:e9:0e:e1:e6:45 |Started ACPI Events Check.

[[0;32m  OK  [0m] Listening on UUID daemon activation socket.
[[0;32m  OK  [0m] Started Daily Cleanup of Temporary Directories.
[[0;32m  OK  [0m] Reached target Timers.
[[0;32m  OK  [0m] Listening on D-Bus System Message Bus Socket.
[[0;32m  OK  [0m] Started Trigger resolvconf update for networkd DNS.
[   23.157488] cloud-init[946]: ci-info: | enp0s8 | False |             .             |       .       |   .   | 08:00:27:5b:62:55 |
[[0;32m  OK  [0m] Reached target Paths.
[   23.298162] cloud-init[946]: ci-info: |   lo   |  True |         127.0.0.1         |   255.0.0.0   |   .   |         .         |
[   23.578560]          cloud-initStarting LXD - unix socket.[946]: 
ci-info: |   lo   |  True |          ::1/128          |       .       |  host |         .         |
[   23.614252] [cloud-init[0;32m  OK  [0m[946]: ] ci-info: +--------+-------+---------------------------+---------------+-------+-------------------+Reached target Network is Online.

[   23.615050] cloud-init[946]: ci-info: +++++++++++++++++++++++++++Route IPv4 info++++++++++++++++++++++++++++
[   23.848453]          cloud-initStarting iSCSI initiator daemon (iscsid)...[946]: 
ci-info: +-------+-------------+----------+---------------+-----------+-------+
[   23.878802] [cloud-init[0;32m  OK  [0m[946]: ] ci-info: | Route | Destination | Gateway  |    Genmask    | Interface | Flags |Reached target Cloud-config availability.

[   23.879622] cloud-init[946]: ci-info: +-------+-------------+----------+---------------+-----------+-------+
[   24.017322] [cloud-init[0;32m  OK  [0m[946]: ] ci-info: |   0   |   0.0.0.0   | 10.0.2.2 |    0.0.0.0    |   enp0s3  |   UG  |Listening on Socket activation for snappy daemon.

[[0;32m  OK  [0m] Listening on LXD - unix socket.
[   24.018083] cloud-init[946]: ci-info: |   1   |   10.0.2.0  | 0.0.0.0  | 255.255.255.0 |   enp0s3  |   U   |
[   24.269006] [cloud-init[0;32m  OK  [0m[946]: ] ci-info: +-------+-------------+----------+---------------+-----------+-------+Reached target Sockets.

[[0;32m  OK  [0m] Reached target Basic System.
[   24.269828] cloud-init[946]: Generating public/private rsa key pair.
[   24.544476]          cloud-initStarting Login Service...[946]: 
Your identification has been saved in /etc/ssh/ssh_host_rsa_key.
[   24.592585]          cloud-initStarting LSB: Record successful boot for GRUB...[946]: 
Your public key has been saved in /etc/ssh/ssh_host_rsa_key.pub.
[   24.656519]          cloud-initStarting LSB: MD monitoring daemon...[946]: 
The key fingerprint is:
[   24.692456] cloud-init[946]: SHA256:wjX1KALiZBmuap01pnQPHsSkeI1hdR4U1lY4yLSIpk4 root@ubuntu-xenial
         Starting Apply the settings specified in cloud-config...
[   24.714813] cloud-init[946]: The key's randomart image is:
         Starting LXD - container startup/shutdown...
[   24.732666] cloud-init[946]: +---[RSA 2048]----+
[   24.784652] cloud-init[946]: |  ==oo+B+ +.     |
         Starting /etc/rc.local Compatibility...
[   24.819326] cloud-init[946]: | =+.O.=oo* o     |
[[0;32m  OK  [0m] Started FUSE filesystem for LXC.
[   24.883517] cloud-init[946]: | .o* =.o= o .    |
[   24.908198] cloud-init[946]: | .+ .. o o       |
         Starting Accounts Service...
[   24.948375] cloud-init[946]: |.E . Bo S        |
[   25.016677] cloud-init[946]: |+ o B =.         |
[[0;32m  OK  [0m] Started Deferred execution scheduler.
[   25.052462] cloud-init[946]: |.o + . .         |
[   25.082442] cloud-init[946]: |.                |
         Starting System Logging Service...
[   25.090637] cloud-init[946]: |                 |
[[0;32m  OK  [0m] Started ACPI event daemon.
[   25.145293] cloud-init[946]: +----[SHA256]-----+
[   25.181019] cloud-init[946]: Generating public/private dsa key pair.
         Starting Pollinate to seed the pseudo random number generator...
[   25.207289] cloud-init[946]: Your identification has been saved in /etc/ssh/ssh_host_dsa_key.
[[0;32m  OK  [0m] Started D-Bus System Message Bus.
[   25.275073] cloud-init[946]: Your public key has been saved in /etc/ssh/ssh_host_dsa_key.pub.
[   25.326428] cloud-init[946]: The key fingerprint is:
[   25.344528] cloud-init[946]: SHA256:6ARDLYeAcxM4CoZDzJm/9Z1VsxawGuQ3fn/t8aKYXZM root@ubuntu-xenial
[[0;32m  OK  [0m] Started Regular background program processing daemon.
[   25.388309] cloud-init[946]: The key's randomart image is:
[   25.437005] cloud-init[946]: +---[DSA 1024]----+
[[0;32m  OK  [0m] Started Snappy daemon.
[   25.461170] cloud-init[946]: |=+=o.o   . ..    |
         Starting Auto import assertions from block devices...[   25.484144] cloud-init[946]: |O*o.o o o   .+   |
[   25.490082] cloud-init[946]: |+=..oo   o +. +  |
[   25.490256] cloud-init[946]: |.  . + .  =..o   |
[   25.490398] cloud-init[946]: |    o + S.o...   |
[   25.490523] cloud-init[946]: |   . o . o  . ...|
[   25.490647] cloud-init[946]: |      .       Eoo|
[   25.490764] cloud-init[946]: |           + ..o+|
[   25.490872] cloud-init[946]: |          o o. .o|
[   25.490998] cloud-init[946]: +----[SHA256]-----+
[   25.491113] cloud-init[946]: Generating public/private ecdsa key pair.
[   25.491217] cloud-init[946]: Your identification has been saved in /etc/ssh/ssh_host_ecdsa_key.
[   25.491319] cloud-init[946]: Your public key has been saved in /etc/ssh/ssh_host_ecdsa_key.pub.
[   25.491919] cloud-init[946]: The key fingerprint is:
[   25.492169] cloud-init[946]: SHA256:bSrWOWyXnjTUylMxV+TPhI90/rVI8BjcdjATtRc9eyk root@ubuntu-xenial
[   25.492304] cloud-init[946]: The key's randomart image is:
[   25.492414] cloud-init[946]: +---[ECDSA 256]---+

[   25.492639] cloud-init[946]: |             =o++|
[   25.770951] [cloud-init[0;32m  OK  [0m[946]: ] |          . . +=+|Started System Logging Service.

[[0;32m  OK  [0m] Started iSCSI initiator daemon (iscsid).
[   25.771903] cloud-init[946]: |           +oo+oO|
[   25.800389] cloud-init[946]: |         . .*E.X+|
[   25.800627] cloud-init[946]: |        S +.ooo B|
[   25.803501] cloud-init[946]: |       o * +. . +|
[   25.803688] cloud-init[946]: |      o B O  . ..|
[   25.803778] cloud-init[946]: |     . o = +     |
[[0;32m  OK  [0m] Started LXD - container startup/shutdown.
[   25.803870] cloud-init[946]: |          o      |
[   25.876818] cloud-init[946]: +----[SHA256]-----+
[   25.878478] cloud-init[946]: Generating public/private ed25519 key pair.
[[0;32m  OK  [0m] Started /etc/rc.local Compatibility.
[   25.878762] cloud-init[946]: Your identification has been saved in /etc/ssh/ssh_host_ed25519_key.
[   25.948543] cloud-init[946]: Your public key has been saved in /etc/ssh/ssh_host_ed25519_key.pub.
[   25.949100] cloud-init[946]: The key fingerprint is:
[[0;32m  OK  [0m] Started Pollinate to seed the pseudo random number generator.
[[0;32m  OK  [0m] Started Auto import assertions from block devices.
[   25.949373] cloud-init[946]: SHA256:1I6lx3gaf3HhG63nqc6xHcoHAfUeA9ILw4KsFL3zoYw root@ubuntu-xenial
[[0;32m  OK  [0m] Started LSB: Record successful boot for GRUB.
[   26.128253] cloud-init[946]: The key's randomart image is:
[[0;32m  OK  [0m] Started LSB: MD monitoring daemon.
[   26.172247] cloud-init[946]: +--[ED25519 256]--+
[   26.196505] cloud-init[946]: |     .+ . ..oo   |
[   26.216392] cloud-init[946]: |     . + o =..o  |
[   26.231864] cloud-init[946]: |    . . o + + o+ |
[   26.246055] cloud-init[946]: |     . + O   +.oo|
[[0;32m  OK  [0m] Started Login Service.
[   26.258452] cloud-init[946]: |      o S * . =..|
         Starting Authenticate and Authorize Users to Run Privileged Tasks...
[   26.290342] cloud-init[946]: |     E o B   + + |
         Starting OpenBSD Secure Shell server...
         Starting Login to default iSCSI targets...
[   26.320323] cloud-init[946]: |        . . ..+..|
[[0;32m  OK  [0m] Started OpenBSD Secure Shell server.
[   26.396809] cloud-init[946]: |           .o =+o|
[[0;32m  OK  [0m] Started Authenticate and Authorize Users to Run Privileged Tasks.
[   26.445351] cloud-init[946]: |            .Boo.|
[   26.501448] cloud-init[946]: +----[SHA256]-----+
[[0;32m  OK  [0m] Started Accounts Service.
[[0;32m  OK  [0m] Started Login to default iSCSI targets.
[   26.511655] cloud-init[1053]: Generating locales (this might take a while)...
[[0;32m  OK  [0m] Reached target Remote File Systems (Pre).
[[0;32m  OK  [0m] Reached target Remote File Systems.
         Starting LSB: Set the CPU Frequency Scaling governor to "ondemand"...
         Starting LSB: automatic crash report generation...
         Starting Permit User Sessions...
         Starting LSB: VirtualBox Linux Additions...
         Starting LSB: daemon to balance interrupts for SMP systems...
[[0;32m  OK  [0m] Started Permit User Sessions.
[[0;32m  OK  [0m] Started LSB: Set the CPU Frequency Scaling governor to "ondemand".
[[0;32m  OK  [0m] Started LSB: automatic crash report generation.
         Starting Hold until boot process finishes up...
         Starting Terminate Plymouth Boot Screen...
[[0;32m  OK  [0m] Started LSB: daemon to balance interrupts for SMP systems.
[[0;32m  OK  [0m] Started Hold until boot process finishes up.
[[0;32m  OK  [0m] Started LSB: VirtualBox Linux Additions.
[[0;32m  OK  [0m] Started Terminate Plymouth Boot Screen.
         Starting Set console scheme...
[[0;32m  OK  [0m] Started Serial Getty on ttyS0.
[[0;32m  OK  [0m] Started Getty on tty1.
[[0;32m  OK  [0m] Reached target Login Prompts.
[[0;32m  OK  [0m] Reached target Multi-User System.
[[0;32m  OK  [0m] Reached target Graphical Interface.
         Starting Update UTMP about System Runlevel Changes...
[[0;32m  OK  [0m] Started Set console scheme.
[[0;32m  OK  [0m] Started Update UTMP about System Runlevel Changes.
[   27.758618] cloud-init[1053]:   en_US.UTF-8... done
[   27.768353] cloud-init[1053]: Generation complete.
         Stopping OpenBSD Secure Shell server...
[[0;32m  OK  [0m] Stopped OpenBSD Secure Shell server.
         Starting OpenBSD Secure Shell server...
[[0;32m  OK  [0m] Started OpenBSD Secure Shell server.
[[0;32m  OK  [0m] Created slice User Slice of ubuntu.
         Starting User Manager for UID 1000...
[[0;32m  OK  [0m] Started User Manager for UID 1000.
[[0;32m  OK  [0m] Started Session 1 of user ubuntu.
[   28.819101] cloud-init[1053]: Cloud-init v. 0.7.9 running 'modules:config' at Mon, 24 Apr 2017 10:33:04 +0000. Up 25.42 seconds.
[[0;32m  OK  [0m] Started Apply the settings specified in cloud-config.
         Starting Execute cloud user/final scripts...
ci-info: no authorized ssh keys fingerprints found for user ubuntu.
<14>Apr 24 10:33:08 ec2: 
<14>Apr 24 10:33:08 ec2: #############################################################
<14>Apr 24 10:33:08 ec2: -----BEGIN SSH HOST KEY FINGERPRINTS-----
<14>Apr 24 10:33:08 ec2: 1024 SHA256:6ARDLYeAcxM4CoZDzJm/9Z1VsxawGuQ3fn/t8aKYXZM root@ubuntu-xenial (DSA)
<14>Apr 24 10:33:08 ec2: 256 SHA256:bSrWOWyXnjTUylMxV+TPhI90/rVI8BjcdjATtRc9eyk root@ubuntu-xenial (ECDSA)
<14>Apr 24 10:33:08 ec2: 256 SHA256:1I6lx3gaf3HhG63nqc6xHcoHAfUeA9ILw4KsFL3zoYw root@ubuntu-xenial (ED25519)
<14>Apr 24 10:33:08 ec2: 2048 SHA256:wjX1KALiZBmuap01pnQPHsSkeI1hdR4U1lY4yLSIpk4 root@ubuntu-xenial (RSA)
<14>Apr 24 10:33:08 ec2: -----END SSH HOST KEY FINGERPRINTS-----
<14>Apr 24 10:33:08 ec2: #############################################################
-----BEGIN SSH HOST KEY KEYS-----
ecdsa-sha2-nistp256 AAAAE2VjZHNhLXNoYTItbmlzdHAyNTYAAAAIbmlzdHAyNTYAAABBBLXUX3DLxN5646ACYiE2DQVt2d8w2zp7rAZtd5E2YIp3SWkKZhjoMb2BKQlLmdbLFzKtaZU9zxdQUFIUQLQ3CkU= root@ubuntu-xenial
ssh-ed25519 AAAAC3NzaC1lZDI1NTE5AAAAIApeREgkTvmRvfdCiWLCrGvkjnP+C1CfRQLNkY+omKKL root@ubuntu-xenial
ssh-rsa AAAAB3NzaC1yc2EAAAADAQABAAABAQDOJQErfB3EjHe6D/QdkV3HvYa+KM8VNKcgkDd+UX/crbFesAxRhcbjDhAGqhDplJ2ZZaulis2L8vVDUbXTeEN1/Chf2G4RAfNPKV9u3LhelcrbpGA0yp+kEWr3VZjoUzSfo1UiNY41PRbshJ5VEWqiEQ1ZbDJZSTzejIeuqJxy4Pm8qLT0004kARxUr8HmqRW0uQ2Wxo+KmVjx6unAOqHJZolBnu3xVHXplEsiEiPlLuHM4vF/meI74ZlCUjAjgktJh+cIhlL0iFyldmYsTb2KWpYN1qZqbIqCt3S0Rs58H986foNy0u1XjRXAx0iaXQ2k1ZZA7GIDs9w2ovtShtMN root@ubuntu-xenial
-----END SSH HOST KEY KEYS-----
[   30.035884] cloud-init[1385]: Cloud-init v. 0.7.9 running 'modules:final' at Mon, 24 Apr 2017 10:33:08 +0000. Up 29.54 seconds.
[   30.052601] cloud-init[1385]: ci-info: no authorized ssh keys fingerprints found for user ubuntu.
[   30.086070] cloud-init[1385]: Cloud-init v. 0.7.9 finished at Mon, 24 Apr 2017 10:33:09 +0000. Datasource DataSourceNoCloud [seed=/dev/sdb][dsmode=net].  Up 30.02 seconds
[[0;32m  OK  [0m] Started Execute cloud user/final scripts.
[[0;32m  OK  [0m] Reached target Cloud-init target.

Ubuntu 16.04.2 LTS ubuntu-xenial ttyS0

ubuntu-xenial login:                                                                                                                                                                                                                                                                                                                                                                                                                                                                                                                                                                                                                                                                                                                                                                                                                                                                                                                                                                                                                                                                                                                                                                                                                                                                                                                                                                                                                                                                                                                                                                                                                                                                                                                                                                                                                                                                                                                                                                                                                                                                                                                                                                                                          [97173.897287] Out of memory: Kill process 28808 (cc1) score 356 or sacrifice child
[97174.010613] Killed process 28808 (cc1) total-vm:230400kB, anon-rss:176348kB, file-rss:1636kB
