[    0.000000] Initializing cgroup subsys cpuset
[    0.000000] Initializing cgroup subsys cpu
[    0.000000] Initializing cgroup subsys cpuacct
[    0.000000] Linux version 4.4.0-72-generic (buildd@lcy01-17) (gcc version 5.4.0 20160609 (Ubuntu 5.4.0-6ubuntu1~16.04.4) ) #93-Ubuntu SMP Fri Mar 31 14:07:41 UTC 2017 (Ubuntu 4.4.0-72.93-generic 4.4.49)
[    0.000000] Command line: BOOT_IMAGE=/boot/vmlinuz-4.4.0-72-generic root=LABEL=cloudimg-rootfs ro console=tty1 console=ttyS0
[    0.000000] KERNEL supported cpus:
[    0.000000]   Intel GenuineIntel
[    0.000000]   AMD AuthenticAMD
[    0.000000]   Centaur CentaurHauls
[    0.000000] x86/fpu: xstate_offset[2]:  576, xstate_sizes[2]:  256
[    0.000000] x86/fpu: Supporting XSAVE feature 0x01: 'x87 floating point registers'
[    0.000000] x86/fpu: Supporting XSAVE feature 0x02: 'SSE registers'
[    0.000000] x86/fpu: Supporting XSAVE feature 0x04: 'AVX registers'
[    0.000000] x86/fpu: Enabled xstate features 0x7, context size is 832 bytes, using 'standard' format.
[    0.000000] x86/fpu: Using 'lazy' FPU context switches.
[    0.000000] e820: BIOS-provided physical RAM map:
[    0.000000] BIOS-e820: [mem 0x0000000000000000-0x000000000009fbff] usable
[    0.000000] BIOS-e820: [mem 0x000000000009fc00-0x000000000009ffff] reserved
[    0.000000] BIOS-e820: [mem 0x00000000000f0000-0x00000000000fffff] reserved
[    0.000000] BIOS-e820: [mem 0x0000000000100000-0x000000001ffeffff] usable
[    0.000000] BIOS-e820: [mem 0x000000001fff0000-0x000000001fffffff] ACPI data
[    0.000000] BIOS-e820: [mem 0x00000000fec00000-0x00000000fec00fff] reserved
[    0.000000] BIOS-e820: [mem 0x00000000fee00000-0x00000000fee00fff] reserved
[    0.000000] BIOS-e820: [mem 0x00000000fffc0000-0x00000000ffffffff] reserved
[    0.000000] NX (Execute Disable) protection: active
[    0.000000] SMBIOS 2.5 present.
[    0.000000] Hypervisor detected: KVM
[    0.000000] e820: last_pfn = 0x1fff0 max_arch_pfn = 0x400000000
[    0.000000] MTRR: Disabled
[    0.000000] x86/PAT: MTRRs disabled, skipping PAT initialization too.
[    0.000000] x86/PAT: Configuration [0-7]: WB  WT  UC- UC  WB  WT  UC- UC  
[    0.000000] CPU MTRRs all blank - virtualized system.
[    0.000000] found SMP MP-table at [mem 0x0009fff0-0x0009ffff] mapped at [ffff88000009fff0]
[    0.000000] Scanning 1 areas for low memory corruption
[    0.000000] RAMDISK: [mem 0x1ece5000-0x1f76cfff]
[    0.000000] ACPI: Early table checksum verification disabled
[    0.000000] ACPI: RSDP 0x00000000000E0000 000024 (v02 VBOX  )
[    0.000000] ACPI: XSDT 0x000000001FFF0030 00003C (v01 VBOX   VBOXXSDT 00000001 ASL  00000061)
[    0.000000] ACPI: FACP 0x000000001FFF00F0 0000F4 (v04 VBOX   VBOXFACP 00000001 ASL  00000061)
[    0.000000] ACPI: DSDT 0x000000001FFF0470 0021C8 (v02 VBOX   VBOXBIOS 00000002 INTL 20100528)
[    0.000000] ACPI: FACS 0x000000001FFF0200 000040
[    0.000000] ACPI: FACS 0x000000001FFF0200 000040
[    0.000000] ACPI: APIC 0x000000001FFF0240 00005C (v02 VBOX   VBOXAPIC 00000001 ASL  00000061)
[    0.000000] ACPI: SSDT 0x000000001FFF02A0 0001CC (v01 VBOX   VBOXCPUT 00000002 INTL 20100528)
[    0.000000] No NUMA configuration found
[    0.000000] Faking a node at [mem 0x0000000000000000-0x000000001ffeffff]
[    0.000000] NODE_DATA(0) allocated [mem 0x1ffeb000-0x1ffeffff]
[    0.000000] kvm-clock: Using msrs 4b564d01 and 4b564d00
[    0.000000] kvm-clock: cpu 0, msr 0:1ffe3001, primary cpu clock
[    0.000000] kvm-clock: using sched offset of 3792925412 cycles
[    0.000000] clocksource: kvm-clock: mask: 0xffffffffffffffff max_cycles: 0x1cd42e4dffb, max_idle_ns: 881590591483 ns
[    0.000000] Zone ranges:
[    0.000000]   DMA      [mem 0x0000000000001000-0x0000000000ffffff]
[    0.000000]   DMA32    [mem 0x0000000001000000-0x000000001ffeffff]
[    0.000000]   Normal   empty
[    0.000000]   Device   empty
[    0.000000] Movable zone start for each node
[    0.000000] Early memory node ranges
[    0.000000]   node   0: [mem 0x0000000000001000-0x000000000009efff]
[    0.000000]   node   0: [mem 0x0000000000100000-0x000000001ffeffff]
[    0.000000] Initmem setup node 0 [mem 0x0000000000001000-0x000000001ffeffff]
[    0.000000] ACPI: PM-Timer IO Port: 0x4008
[    0.000000] IOAPIC[0]: apic_id 2, version 32, address 0xfec00000, GSI 0-23
[    0.000000] ACPI: INT_SRC_OVR (bus 0 bus_irq 0 global_irq 2 dfl dfl)
[    0.000000] ACPI: INT_SRC_OVR (bus 0 bus_irq 9 global_irq 9 high level)
[    0.000000] Using ACPI (MADT) for SMP configuration information
[    0.000000] smpboot: Allowing 2 CPUs, 0 hotplug CPUs
[    0.000000] PM: Registered nosave memory: [mem 0x00000000-0x00000fff]
[    0.000000] PM: Registered nosave memory: [mem 0x0009f000-0x0009ffff]
[    0.000000] PM: Registered nosave memory: [mem 0x000a0000-0x000effff]
[    0.000000] PM: Registered nosave memory: [mem 0x000f0000-0x000fffff]
[    0.000000] e820: [mem 0x20000000-0xfebfffff] available for PCI devices
[    0.000000] Booting paravirtualized kernel on KVM
[    0.000000] clocksource: refined-jiffies: mask: 0xffffffff max_cycles: 0xffffffff, max_idle_ns: 7645519600211568 ns
[    0.000000] setup_percpu: NR_CPUS:512 nr_cpumask_bits:512 nr_cpu_ids:2 nr_node_ids:1
[    0.000000] PERCPU: Embedded 33 pages/cpu @ffff88001fc00000 s98264 r8192 d28712 u1048576
[    0.000000] PV qspinlock hash table entries: 256 (order: 0, 4096 bytes)
[    0.000000] Built 1 zonelists in Node order, mobility grouping on.  Total pages: 128889
[    0.000000] Policy zone: DMA32
[    0.000000] Kernel command line: BOOT_IMAGE=/boot/vmlinuz-4.4.0-72-generic root=LABEL=cloudimg-rootfs ro console=tty1 console=ttyS0
[    0.000000] PID hash table entries: 2048 (order: 2, 16384 bytes)
[    0.000000] Memory: 485716K/523832K available (8452K kernel code, 1293K rwdata, 3976K rodata, 1484K init, 1316K bss, 38116K reserved, 0K cma-reserved)
[    0.000000] SLUB: HWalign=64, Order=0-3, MinObjects=0, CPUs=2, Nodes=1
[    0.000000] Hierarchical RCU implementation.
[    0.000000] 	Build-time adjustment of leaf fanout to 64.
[    0.000000] 	RCU restricting CPUs from NR_CPUS=512 to nr_cpu_ids=2.
[    0.000000] RCU: Adjusting geometry for rcu_fanout_leaf=64, nr_cpu_ids=2
[    0.000000] NR_IRQS:33024 nr_irqs:440 16
[    0.000000] Console: colour VGA+ 80x25
[    0.000000] console [tty1] enabled
[    0.000000] console [ttyS0] enabled
[    0.000000] tsc: Detected 1599.999 MHz processor
[    2.579773] Calibrating delay loop (skipped) preset value.. 3199.99 BogoMIPS (lpj=6399996)
[    2.582487] pid_max: default: 32768 minimum: 301
[    2.619199] ACPI: Core revision 20150930
[    2.621449] ACPI: 2 ACPI AML tables successfully acquired and loaded
[    2.648909] Security Framework initialized
[    2.650082] Yama: becoming mindful.
[    2.662369] AppArmor: AppArmor initialized
[    2.663552] Dentry cache hash table entries: 65536 (order: 7, 524288 bytes)
[    2.678122] Inode-cache hash table entries: 32768 (order: 6, 262144 bytes)
[    2.751596] Mount-cache hash table entries: 1024 (order: 1, 8192 bytes)
[    2.787165] Mountpoint-cache hash table entries: 1024 (order: 1, 8192 bytes)
[    2.861433] Initializing cgroup subsys io
[    2.902773] Initializing cgroup subsys memory
[    2.926968] Initializing cgroup subsys devices
[    2.928159] Initializing cgroup subsys freezer
[    2.929343] Initializing cgroup subsys net_cls
[    2.967459] Initializing cgroup subsys perf_event
[    2.978257] Initializing cgroup subsys net_prio
[    3.039913] Initializing cgroup subsys hugetlb
[    3.065254] Initializing cgroup subsys pids
[    3.110699] CPU: Physical Processor ID: 0
[    3.127197] CPU: Processor Core ID: 0
[    3.129464] mce: CPU supports 0 MCE banks
[    3.142907] Last level iTLB entries: 4KB 64, 2MB 8, 4MB 8
[    3.144391] Last level dTLB entries: 4KB 64, 2MB 0, 4MB 0, 1GB 4
[    3.177021] Freeing SMP alternatives memory: 32K (ffffffff820b8000 - ffffffff820c0000)
[    3.243851] ftrace: allocating 32111 entries in 126 pages
[    3.315006] smpboot: APIC(0) Converting physical 0 to logical package 0
[    3.322298] smpboot: Max logical packages: 1
[    3.323733] x2apic enabled
[    3.348221] Switched APIC routing to physical x2apic.
[    3.362151] ..TIMER: vector=0x30 apic1=0 pin1=2 apic2=-1 pin2=-1
[    3.482378] smpboot: CPU0: Intel(R) Core(TM) i5-5250U CPU @ 1.60GHz (family: 0x6, model: 0x3d, stepping: 0x4)
[    3.531637] Performance Events: unsupported p6 CPU model 61 no PMU driver, software events only.
[    3.584104] KVM setup paravirtual spinlock
[    3.585934] x86: Booting SMP configuration:
[    3.625936] .... node  #0, CPUs:      #1
[    3.632895] kvm-clock: cpu 1, msr 0:1ffe3041, secondary cpu clock
[    3.641030] mce: CPU supports 0 MCE banks
[    3.645230] x86: Booted up 1 node, 2 CPUs
[    3.647013] smpboot: Total of 2 processors activated (6399.99 BogoMIPS)
[    3.676055] devtmpfs: initialized
[    3.722364] evm: security.selinux
[    3.745746] evm: security.SMACK64
[    3.767017] evm: security.SMACK64EXEC
[    3.812828] evm: security.SMACK64TRANSMUTE
[    3.814117] evm: security.SMACK64MMAP
[    3.845436] evm: security.ima
[    3.872472] evm: security.capability
[    3.893004] clocksource: jiffies: mask: 0xffffffff max_cycles: 0xffffffff, max_idle_ns: 7645041785100000 ns
[    3.958944] pinctrl core: initialized pinctrl subsystem
[    4.009271] RTC time: 15:54:47, date: 04/22/17
[    4.044563] NET: Registered protocol family 16
[    4.103023] cpuidle: using governor ladder
[    4.146943] cpuidle: using governor menu
[    4.180196] PCCT header not found.
[    4.194510] ACPI: bus type PCI registered
[    4.230844] acpiphp: ACPI Hot Plug PCI Controller Driver version: 0.5
[    4.257839] PCI: Using configuration type 1 for base access
[    4.326871] ACPI: Added _OSI(Module Device)
[    4.375571] ACPI: Added _OSI(Processor Device)
[    4.446222] ACPI: Added _OSI(3.0 _SCP Extensions)
[    4.450189] ACPI: Added _OSI(Processor Aggregator Device)
[    4.452634] ACPI: Executed 1 blocks of module-level executable AML code
[    4.500791] ACPI: Interpreter enabled
[    4.529589] ACPI: (supports S0 S5)
[    4.536171] ACPI: Using IOAPIC for interrupt routing
[    4.549014] PCI: Using host bridge windows from ACPI; if necessary, use "pci=nocrs" and report a bug
[    4.612411] ACPI: PCI Root Bridge [PCI0] (domain 0000 [bus 00-ff])
[    4.658783] acpi PNP0A03:00: _OSC: OS supports [ASPM ClockPM Segments MSI]
[    4.723050] acpi PNP0A03:00: _OSC failed (AE_NOT_FOUND); disabling ASPM
[    4.778749] acpi PNP0A03:00: fail to add MMCONFIG information, can't access extended PCI configuration space under this bridge.
[    4.820512] PCI host bridge to bus 0000:00
[    4.853700] pci_bus 0000:00: root bus resource [io  0x0000-0x0cf7 window]
[    4.925968] pci_bus 0000:00: root bus resource [io  0x0d00-0xffff window]
[    4.936002] pci_bus 0000:00: root bus resource [mem 0x000a0000-0x000bffff window]
[    4.954055] pci_bus 0000:00: root bus resource [mem 0x20000000-0xffdfffff window]
[    5.049671] pci_bus 0000:00: root bus resource [bus 00-ff]
[    5.126808] pci 0000:00:01.1: legacy IDE quirk: reg 0x10: [io  0x01f0-0x01f7]
[    5.161835] pci 0000:00:01.1: legacy IDE quirk: reg 0x14: [io  0x03f6]
[    5.163478] pci 0000:00:01.1: legacy IDE quirk: reg 0x18: [io  0x0170-0x0177]
[    5.165170] pci 0000:00:01.1: legacy IDE quirk: reg 0x1c: [io  0x0376]
[    5.180379] pci 0000:00:07.0: quirk: [io  0x4000-0x403f] claimed by PIIX4 ACPI
[    5.245318] pci 0000:00:07.0: quirk: [io  0x4100-0x410f] claimed by PIIX4 SMB
[    5.315953] ACPI: PCI Interrupt Link [LNKA] (IRQs 5 9 10 *11)
[    5.366395] ACPI: PCI Interrupt Link [LNKB] (IRQs 5 9 10 *11)
[    5.430070] ACPI: PCI Interrupt Link [LNKC] (IRQs 5 9 *10 11)
[    5.497763] ACPI: PCI Interrupt Link [LNKD] (IRQs 5 *9 10 11)
[    5.564675] ACPI: Enabled 2 GPEs in block 00 to 07
[    5.588834] vgaarb: setting as boot device: PCI:0000:00:02.0
[    5.641358] vgaarb: device added: PCI:0000:00:02.0,decodes=io+mem,owns=io+mem,locks=none
[    5.691483] vgaarb: loaded
[    5.692521] vgaarb: bridge control possible 0000:00:02.0
[    5.694291] SCSI subsystem initialized
[    5.738201] ACPI: bus type USB registered
[    5.776595] usbcore: registered new interface driver usbfs
[    5.821768] usbcore: registered new interface driver hub
[    5.876469] usbcore: registered new device driver usb
[    5.919880] PCI: Using ACPI for IRQ routing
[    5.951075] NetLabel: Initializing
[    5.977376] NetLabel:  domain hash size = 128
[    6.012348] NetLabel:  protocols = UNLABELED CIPSOv4
[    6.046725] NetLabel:  unlabeled traffic allowed by default
[    6.100392] amd_nb: Cannot enumerate AMD northbridges
[    6.153755] clocksource: Switched to clocksource kvm-clock
[    6.224397] AppArmor: AppArmor Filesystem Enabled
[    6.284742] pnp: PnP ACPI init
[    6.286731] pnp: PnP ACPI: found 3 devices
[    6.368609] clocksource: acpi_pm: mask: 0xffffff max_cycles: 0xffffff, max_idle_ns: 2085701024 ns
[    6.448083] NET: Registered protocol family 2
[    6.512623] TCP established hash table entries: 4096 (order: 3, 32768 bytes)
[    6.576682] TCP bind hash table entries: 4096 (order: 4, 65536 bytes)
[    6.674736] TCP: Hash tables configured (established 4096 bind 4096)
[    6.725897] UDP hash table entries: 256 (order: 1, 8192 bytes)
[    6.739153] UDP-Lite hash table entries: 256 (order: 1, 8192 bytes)
[    6.742069] NET: Registered protocol family 1
[    6.743463] pci 0000:00:00.0: Limiting direct PCI/PCI transfers
[    6.745275] pci 0000:00:01.0: Activating ISA DMA hang workarounds
[    6.778054] Unpacking initramfs...
[    9.017587] Freeing initrd memory: 10784K (ffff88001ece5000 - ffff88001f76d000)
[    9.124255] RAPL PMU detected, API unit is 2^-32 Joules, 4 fixed counters 10737418240 ms ovfl timer
[    9.202721] hw unit of domain pp0-core 2^-0 Joules
[    9.211496] hw unit of domain package 2^-0 Joules
[    9.213211] hw unit of domain dram 2^-0 Joules
[    9.220252] hw unit of domain pp1-gpu 2^-0 Joules
[    9.232251] platform rtc_cmos: registered platform RTC device (no PNP device found)
[    9.329725] Scanning for low memory corruption every 60 seconds
[    9.372969] futex hash table entries: 512 (order: 3, 32768 bytes)
[    9.468347] audit: initializing netlink subsys (disabled)
[    9.546823] audit: type=2000 audit(1492876492.632:1): initialized
[    9.610109] Initialise system trusted keyring
[    9.679252] HugeTLB registered 2 MB page size, pre-allocated 0 pages
[    9.806666] zbud: loaded
[    9.823226] VFS: Disk quotas dquot_6.6.0
[    9.872965] VFS: Dquot-cache hash table entries: 512 (order 0, 4096 bytes)
[    9.968550] squashfs: version 4.0 (2009/01/31) Phillip Lougher
[    9.980823] fuse init (API version 7.23)
[   10.043569] Key type big_key registered
[   10.078211] Allocating IMA MOK and blacklist keyrings.
[   10.106433] Key type asymmetric registered
[   10.196821] Asymmetric key parser 'x509' registered
[   10.222111] Block layer SCSI generic (bsg) driver version 0.4 loaded (major 249)
[   10.264019] tsc: Refined TSC clocksource calibration: 1599.872 MHz
[   10.282629] clocksource: tsc: mask: 0xffffffffffffffff max_cycles: 0x170fac16d59, max_idle_ns: 440795277863 ns
[   10.282734] io scheduler noop registered
[   10.282737] io scheduler deadline registered (default)
[   10.282793] io scheduler cfq registered
[   10.282931] pci_hotplug: PCI Hot Plug PCI Core version: 0.5
[   10.282939] pciehp: PCI Express Hot Plug Controller Driver version: 0.4
[   10.283369] ACPI: AC Adapter [AC] (on-line)
[   10.283423] input: Power Button as /devices/LNXSYSTM:00/LNXPWRBN:00/input/input0
[   10.283427] ACPI: Power Button [PWRF]
[   10.283500] input: Sleep Button as /devices/LNXSYSTM:00/LNXSLPBN:00/input/input1
[   10.283502] ACPI: Sleep Button [SLPF]
[   10.283649] GHES: HEST is not enabled!
[   10.345119] ACPI: Battery Slot [BAT0] (battery present)
[   10.345185] Serial: 8250/16550 driver, 32 ports, IRQ sharing enabled
[   10.368906] 00:02: ttyS0 at I/O 0x3f8 (irq = 4, base_baud = 115200) is a 16550A
[   10.393024] Linux agpgart interface v0.103
[   10.397491] loop: module loaded
[   10.398074] scsi host0: ata_piix
[   10.398133] scsi host1: ata_piix
[   10.398165] ata1: PATA max UDMA/33 cmd 0x1f0 ctl 0x3f6 bmdma 0xd000 irq 14
[   10.398166] ata2: PATA max UDMA/33 cmd 0x170 ctl 0x376 bmdma 0xd008 irq 15
[   10.398243] libphy: Fixed MDIO Bus: probed
[   10.398245] tun: Universal TUN/TAP device driver, 1.6
[   10.398245] tun: (C) 1999-2004 Max Krasnyansky <maxk@qualcomm.com>
[   10.398597] PPP generic driver version 2.4.2
[   10.398688] ehci_hcd: USB 2.0 'Enhanced' Host Controller (EHCI) Driver
[   10.398694] ehci-pci: EHCI PCI platform driver
[   10.398719] ehci-platform: EHCI generic platform driver
[   10.398731] ohci_hcd: USB 1.1 'Open' Host Controller (OHCI) Driver
[   10.398739] ohci-pci: OHCI PCI platform driver
[   10.398753] ohci-platform: OHCI generic platform driver
[   10.398765] uhci_hcd: USB Universal Host Controller Interface driver
[   10.398857] i8042: PNP: PS/2 Controller [PNP0303:PS2K,PNP0f03:PS2M] at 0x60,0x64 irq 1,12
[   10.399415] serio: i8042 KBD port at 0x60,0x64 irq 1
[   10.399420] serio: i8042 AUX port at 0x60,0x64 irq 12
[   10.399537] mousedev: PS/2 mouse device common for all mice
[   10.399825] input: AT Translated Set 2 keyboard as /devices/platform/i8042/serio0/input/input2
[   10.400178] rtc_cmos rtc_cmos: rtc core: registered rtc_cmos as rtc0
[   10.400239] rtc_cmos rtc_cmos: alarms up to one day, 114 bytes nvram
[   10.400246] i2c /dev entries driver
[   10.400304] device-mapper: uevent: version 1.0.3
[   10.400359] device-mapper: ioctl: 4.34.0-ioctl (2015-10-28) initialised: dm-devel@redhat.com
[   10.400381] ledtrig-cpu: registered to indicate activity on CPUs
[   10.400645] NET: Registered protocol family 10
[   10.400859] NET: Registered protocol family 17
[   10.400874] Key type dns_resolver registered
[   10.401098] microcode: CPU0 sig=0x306d4, pf=0x40, revision=0x0
[   10.403895] microcode: CPU1 sig=0x306d4, pf=0x40, revision=0x0
[   10.403998] microcode: Microcode Update Driver: v2.01 <tigran@aivazian.fsnet.co.uk>, Peter Oruba
[   10.404234] registered taskstats version 1
[   10.404252] Loading compiled-in X.509 certificates
[   10.404994] Loaded X.509 cert 'Build time autogenerated kernel key: 04ae903e4643330d1fe41947e79c28b436494994'
[   10.405022] zswap: loaded using pool lzo/zbud
[   10.407278] Key type trusted registered
[   10.411199] Key type encrypted registered
[   10.411207] AppArmor: AppArmor sha1 policy hashing enabled
[   10.411210] ima: No TPM chip found, activating TPM-bypass!
[   10.411231] evm: HMAC attrs: 0x1
[   10.411560]   Magic number: 13:123:943
[   10.411586] tty tty0: hash matches
[   10.411587] tty console: hash matches
[   10.417159] rtc_cmos rtc_cmos: setting system clock to 2017-04-22 15:54:54 UTC (1492876494)
[   10.417270] BIOS EDD facility v0.16 2004-Jun-25, 0 devices found
[   10.417271] EDD information not available.
[   12.201487] Freeing unused kernel memory: 1484K (ffffffff81f45000 - ffffffff820b8000)
[   12.205401] Write protecting the kernel read-only data: 14336k
[   12.226309] Freeing unused kernel memory: 1776K (ffff880001844000 - ffff880001a00000)
[   12.251471] Freeing unused kernel memory: 120K (ffff880001de2000 - ffff880001e00000)
Loading, please [   12.309575] random: systemd-udevd: uninitialized urandom read (16 bytes read, 5 bits of entropy available)
wait...
starting version 229
[   12.310864] random: udevadm: uninitialized urandom read (16 bytes read, 5 bits of entropy available)
[   12.310926] random: udevadm: uninitialized urandom read (16 bytes read, 5 bits of entropy available)
[   12.311104] random: udevadm: uninitialized urandom read (16 bytes read, 5 bits of entropy available)
[   12.311166] random: udevadm: uninitialized urandom read (16 bytes read, 5 bits of entropy available)
[   12.311228] random: udevadm: uninitialized urandom read (16 bytes read, 5 bits of entropy available)
[   12.311294] random: udevadm: uninitialized urandom read (16 bytes read, 5 bits of entropy available)
[   12.311354] random: udevadm: uninitialized urandom read (16 bytes read, 5 bits of entropy available)
[   12.311409] random: udevadm: uninitialized urandom read (16 bytes read, 5 bits of entropy available)
[   12.311469] random: udevadm: uninitialized urandom read (16 bytes read, 5 bits of entropy available)
[   12.558035] e1000: Intel(R) PRO/1000 Network Driver - version 7.3.21-k8-NAPI
[   12.567123] e1000: Copyright (c) 1999-2006 Intel Corporation.
[   12.583739] Fusion MPT base driver 3.04.20
[   12.586905] Copyright (c) 1999-2008 LSI Corporation
[   12.607461] AVX version of gcm_enc/dec engaged.
[   12.611957] AES CTR mode by8 optimization enabled
[   12.618054] Fusion MPT SPI Host driver 3.04.20
[   12.829905] input: ImExPS/2 Generic Explorer Mouse as /devices/platform/i8042/serio1/input/input4
[   12.975936] e1000 0000:00:03.0 eth0: (PCI:33MHz:32-bit) 02:e9:0e:e1:e6:45
[   13.049899] e1000 0000:00:03.0 eth0: Intel(R) PRO/1000 Network Connection
[   13.433112] e1000 0000:00:08.0 eth1: (PCI:33MHz:32-bit) 08:00:27:4c:6d:2d
[   13.518456] e1000 0000:00:08.0 eth1: Intel(R) PRO/1000 Network Connection
[   13.546228] e1000 0000:00:03.0 enp0s3: renamed from eth0
[   13.644523] mptbase: ioc0: Initiating bringup
[   13.667628] e1000 0000:00:08.0 enp0s8: renamed from eth1
[   13.754095] ioc0: LSI53C1030 A0: Capabilities={Initiator}
[   13.974123] scsi host2: ioc0: LSI53C1030 A0, FwRev=00000000h, Ports=1, MaxQ=256, IRQ=20
[   14.159036] scsi 2:0:0:0: Direct-Access     VBOX     HARDDISK         1.0  PQ: 0 ANSI: 5
[   14.254847] scsi target2:0:0: Beginning Domain Validation
[   14.303620] scsi target2:0:0: Domain Validation skipping write tests
[   14.385523] scsi target2:0:0: Ending Domain Validation
[   14.459692] scsi target2:0:0: asynchronous
[   14.527483] scsi 2:0:1:0: Direct-Access     VBOX     HARDDISK         1.0  PQ: 0 ANSI: 5
[   14.673286] scsi target2:0:1: Beginning Domain Validation
[   14.677048] scsi target2:0:1: Domain Validation skipping write tests
[   14.718844] scsi target2:0:1: Ending Domain Validation
[   14.720419] scsi target2:0:1: asynchronous
[   14.791927] sd 2:0:0:0: [sda] 20971520 512-byte logical blocks: (10.7 GB/10.0 GiB)
[   14.818702] sd 2:0:0:0: Attached scsi generic sg0 type 0
[   14.831449] sd 2:0:0:0: [sda] Write Protect is off
[   14.833211] sd 2:0:1:0: [sdb] 20480 512-byte logical blocks: (10.5 MB/10.0 MiB)
[   14.833412] sd 2:0:1:0: [sdb] Write Protect is off
[   14.833546] sd 2:0:1:0: [sdb] Incomplete mode parameter data
[   14.833548] sd 2:0:1:0: [sdb] Assuming drive cache: write through
[   14.835383] sd 2:0:1:0: [sdb] Attached SCSI disk
[   14.835547] sd 2:0:1:0: Attached scsi generic sg1 type 0
[   14.931334] sd 2:0:0:0: [sda] Incomplete mode parameter data
[   14.952397] sd 2:0:0:0: [sda] Assuming drive cache: write through
[   14.967130]  sda: sda1
[   14.971616] sd 2:0:0:0: [sda] Attached SCSI disk
[   15.570734] floppy0: no floppy controllers found
Begin: Loading e[   16.998907] md: linear personality registered for level -1
ssential drivers ... [   17.050575] md: multipath personality registered for level -4
[   17.067922] md: raid0 personality registered for level 0
[   17.083341] md: raid1 personality registered for level 1
[   17.169893] raid6: sse2x1   gen()  5078 MB/s
[   17.238054] raid6: sse2x1   xor()  5597 MB/s
[   17.305940] raid6: sse2x2   gen()  8468 MB/s
[   17.413990] raid6: sse2x2   xor()  6200 MB/s
[   17.485911] raid6: sse2x4   gen() 10400 MB/s
[   17.562012] raid6: sse2x4   xor()  7696 MB/s
[   17.587940] raid6: using algorithm sse2x4 gen() 10400 MB/s
[   17.589508] raid6: .... xor() 7696 MB/s, rmw enabled
[   17.606422] raid6: using ssse3x2 recovery algorithm
[   17.653753] xor: automatically using best checksumming function:
[   17.693821]    avx       : 17048.000 MB/sec
[   17.748157] async_tx: api initialized (async)
[   17.773079] md: raid6 personality registered for level 6
[   17.803884] md: raid5 personality registered for level 5
[   17.846241] md: raid4 personality registered for level 4
[   17.853942] md: raid10 personality registered for level 10
done.
Begin: Running /scripts/init-premount ... done.
Begin: M[   17.927613] Btrfs loaded
ounting root file system ... Begin: Running /scripts/local-top ... done.
Begin: Running /scripts/local-premount ... Scanning for Btrfs filesystems
done.
Warning: fsck not present, so sk[   18.001324] EXT4-fs (sda1): mounted filesystem with ordered data mode. Opts: (null)
ipping root file system
done.
Begin: Running /scripts/local-bottom ... done.
Begin: Running /scripts/init-bottom ... done.
[   18.349192] systemd[1]: systemd 229 running in system mode. (+PAM +AUDIT +SELINUX +IMA +APPARMOR +SMACK +SYSVINIT +UTMP +LIBCRYPTSETUP +GCRYPT +GNUTLS +ACL +XZ -LZ4 +SECCOMP +BLKID +ELFUTILS +KMOD -IDN)
[   18.405936] systemd[1]: Detected virtualization oracle.
[   18.410339] systemd[1]: Detected architecture x86-64.

Welcome to [1mUbuntu 16.04.2 LTS[0m!

[   18.544589] systemd[1]: Set hostname to <ubuntu>.
[   18.633550] systemd[1]: Initializing machine ID from random generator.
[   18.742295] systemd[1]: Installed transient /etc/machine-id file.
[   19.476246] systemd[1]: Listening on Journal Audit Socket.
[[0;32m  OK  [0m] Listening on Journal Audit Socket.
[   19.527249] systemd[1]: Reached target User and Group Name Lookups.
[[0;32m  OK  [0m] Reached target User and Group Name Lookups.
[   19.550861] systemd[1]: Listening on Device-mapper event daemon FIFOs.
[[0;32m  OK  [0m] Listening on Device-mapper event daemon FIFOs.
[   19.638193] systemd[1]: Listening on LVM2 metadata daemon socket.
[[0;32m  OK  [0m] Listening on LVM2 metadata daemon socket.
[   19.758502] systemd[1]: Reached target Encrypted Volumes.
[[0;32m  OK  [0m] Reached target Encrypted Volumes.
[   19.890833] systemd[1]: Reached target Swap.
[[0;32m  OK  [0m] Reached target Swap.
[   19.946784] systemd[1]: Set up automount Arbitrary Executable File Formats File System Automount Point.
[[0;32m  OK  [0m] Set up automount Arbitrary Executab...ats File System Automount Point.
[   20.147027] systemd[1]: Created slice User and Session Slice.
[[0;32m  OK  [0m] Created slice User and Session Slice.
[   20.244601] systemd[1]: Listening on Syslog Socket.
[[0;32m  OK  [0m] Listening on Syslog Socket.
[   20.282460] systemd[1]: Listening on LVM2 poll daemon socket.
[[0;32m  OK  [0m] Listening on LVM2 poll daemon socket.
[   20.392638] systemd[1]: Listening on udev Control Socket.
[[0;32m  OK  [0m] Listening on udev Control Socket.
[   20.518273] systemd[1]: Listening on Journal Socket (/dev/log).
[[0;32m  OK  [0m] Listening on Journal Socket (/dev/log).
[   20.549230] systemd[1]: Created slice System Slice.
[[0;32m  OK  [0m] Created slice System Slice.
[   20.558702] systemd[1]: Created slice system-serial\x2dgetty.slice.
[[0;32m  OK  [0m] Created slice system-serial\x2dgetty.slice.
[   20.642399] systemd[1]: Reached target Slices.
[[0;32m  OK  [0m] Reached target Slices.
[   20.665668] systemd[1]: Listening on udev Kernel Socket.
[[0;32m  OK  [0m] Listening on udev Kernel Socket.
[   20.669308] systemd[1]: Started Forward Password Requests to Wall Directory Watch.
[[0;32m  OK  [0m] Started Forward Password Requests to Wall Directory Watch.
[   20.687045] systemd[1]: Listening on Journal Socket.
[[0;32m  OK  [0m] Listening on Journal Socket.
[   20.719229] random: nonblocking pool is initialized
[   20.750440] systemd[1]: Starting Monitoring of LVM2 mirrors, snapshots etc. using dmeventd or progress polling...
         Starting Monitoring of LVM2 mirrors... dmeventd or progress polling...
[   20.854667] systemd[1]: Starting Load Kernel Modules...
         Starting Load Kernel Modules...[   20.900579] Loading iSCSI transport class v2.0-870.

[   20.929957] systemd[1]: Mounting Debug File System...
         [   20.941217] iscsi: registered transport (tcp)
Mounting Debug File System...
[   20.987337] systemd[1]: Starting Nameserver information manager...
         Starting Nameserver information manager...
[   21.013389] systemd[1]: Mounting POSIX Message Queue File System...
         Mounting POSIX Message Queue File System...
[   21.032610] systemd[1]: Starting Set console keymap...
         Starting Set console keymap...
[   21.089487] iscsi: registered transport (iser)
[   21.154258] systemd[1]: Mounting Huge Pages File System...
         Mounting Huge Pages File System...
[   21.213591] systemd[1]: Starting Remount Root and Kernel File Systems...
         Starting Remount[   21.247533] EXT4-fs (sda1): re-mounted. Opts: (null)
 Root and Kernel File Systems...
[   21.326105] systemd[1]: Starting Create list of required static device nodes for the current kernel...
         Starting Create list of required st... nodes for the current kernel...
[   21.426224] systemd[1]: Starting Journal Service...
         Starting Journal Service...
[   21.444362] systemd[1]: Starting Uncomplicated firewall...
         Starting Uncomplicated firewall...
[   21.502552] systemd[1]: Listening on /dev/initctl Compatibility Named Pipe.
[[0;32m  OK  [0m] Listening on /dev/initctl Compatibility Named Pipe.
[   21.587427] systemd[1]: Mounted Huge Pages File System.
[[0;32m  OK  [0m] Mounted Huge Pages File System.
[   21.714482] systemd[1]: Mounted POSIX Message Queue File System.
[[0;32m  OK  [0m] Mounted POSIX Message Queue File System.
[   21.792356] systemd[1]: Mounted Debug File System.
[[0;32m  OK  [0m] Mounted Debug File System.
[   21.842623] systemd[1]: Started Journal Service.
[[0;32m  OK  [0m] Started Journal Service.
[[0;32m  OK  [0m] Started Load Kernel Modules.
[[0;32m  OK  [0m] Started Set console keymap.
[[0;32m  OK  [0m] Started Remount Root and Kernel File Systems.
[[0;32m  OK  [0m] Started Create list of required sta...ce nodes for the current kernel.
[[0;32m  OK  [0m] Started Uncomplicated firewall.
[[0;32m  OK  [0m] Started Nameserver information manager.
[[0;32m  OK  [0m] Started LVM2 metadata daemon.
         Starting Create Static Device Nodes in /dev...
         Starting udev Coldplug all Devices...
         Starting Initial cloud-init job (pre-networking)...
         Starting Load/Save Random Seed...
         Mounting FUSE Control File System...
         Starting Apply Kernel Variables...
         Starting Flush Journal to Persistent Storage...
[[0;32m  OK  [0m] Mounted FUSE Control File System.
[[0;32m  OK  [0m] Started Create Static Device Nodes in /dev.
[[0;32m  OK  [0m] Started Load/Save Random Seed.
[[0;32m  OK  [0m] Started Apply Kernel Variables.
[[0;32m  OK  [0m] Started udev Coldplug all Devices.
[[0;32m  OK  [0m] Started Flush Journal to Persistent Storage.
         Starting udev Kernel Device Manager...
[[0;32m  OK  [0m] Started Monitoring of LVM2 mirrors,...ng dmeventd or progress polling.
[[0;32m  OK  [0m] Started udev Kernel Device Manager.
[[0;32m  OK  [0m] Reached target Local File Systems (Pre).
[[0;32m  OK  [0m] Reached target Local File Systems.
         Starting Set console font and keymap...
         Starting Tell Plymouth To Write Out Runtime Data...
         Starting LSB: AppArmor initialization...
         Starting Commit a transient machine-id on disk...
         Starting Create Volatile Files and Directories...
[[0;32m  OK  [0m] Started Dispatch Password Requests to Console Directory Watch.
[[0;32m  OK  [0m] Started Tell Plymouth To Write Out Runtime Data.
[   18.387602] cloud-init[453]: Cloud-init v. 0.7.9 running 'init-local' at Sat, 22 Apr 2017 15:55:07 +0000. Up 17.99 seconds.
[[0;32m  OK  [0m] Started Commit a transient machine-id on disk.
[[0;32m  OK  [0m] Started Create Volatile Files and Directories.
[[0;32m  OK  [0m] Started Initial cloud-init job (pre-networking).
[[0;32m  OK  [0m] Found device /dev/ttyS0.
[[0;32m  OK  [0m] Started Set console font and keymap.
[[0;32m  OK  [0m] Listening on Load/Save RF Kill Switch Status /dev/rfkill Watch.
[[0;32m  OK  [0m] Created slice system-getty.slice.
[[0;32m  OK  [0m] Reached target Network (Pre).
         Starting Update UTMP about System Boot/Shutdown...
[[0;32m  OK  [0m] Reached target System Time Synchronized.
[[0;32m  OK  [0m] Started Update UTMP about System Boot/Shutdown.
[[0;32m  OK  [0m] Started LSB: AppArmor initialization.
         Starting Raise network interfaces...
[[0;32m  OK  [0m] Started Raise network interfaces.
         Starting Initial cloud-init job (metadata service crawler)...
[[0;32m  OK  [0m] Reached target Network.
[   22.242814] cloud-init[943]: Cloud-init v. 0.7.9 running 'init' at Sat, 22 Apr 2017 15:55:10 +0000. Up 21.20 seconds.
[   22.266546] cloud-init[943]: ci-info: +++++++++++++++++++++++++++++++++++++Net device info++++++++++++++++++++++++++++++++++++++
[[0;32m  OK  [0m] Started Initial cloud-init job (metadata service crawler).
[   22.335744] cloud-init[943]: ci-info: +--------+-------+---------------------------+---------------+-------+-------------------+
[   22.397425] cloud-init[943]: ci-info: | Device |   Up  |          Address          |      Mask     | Scope |     Hw-Address    |
[   22.412940] cloud-init[943]: ci-info: +--------+-------+---------------------------+---------------+-------+-------------------+
[[0;32m  OK  [0m] Reached target Cloud-config availability.
[[0;32m  OK  [0m] Reached target Network is Online.
[   22.442169] cloud-init[943]: ci-info: | enp0s3 |  True |         10.0.2.15         | 255.255.255.0 |   .   | 02:e9:0e:e1:e6:45 |
[   22.506068] cloud-init[943]: ci-info: | enp0s3 |  True | fe80::e9:eff:fee1:e645/64 |       .       |  link | 02:e9:0e:e1:e6:45 |
[   22.506545] cloud-init[943]: ci-info: |   lo   |  True |         127.0.0.1         |   255.0.0.0   |   .   |         .         |
         Starting iSCSI initiator daemon (iscsid)...
[   22.507133] cloud-init[943]: ci-info: |   lo   |  True |          ::1/128          |       .       |  host |         .         |
[   22.573309] cloud-init[943]: ci-info: | enp0s8 | False |             .             |       .       |   .   | 08:00:27:4c:6d:2d |
[[0;32m  OK  [0m] Reached target System Initialization.
[   22.573556] cloud-init[943]: ci-info: +--------+-------+---------------------------+---------------+-------+-------------------+
         [   22.724451] Starting LXD - unix socket.cloud-init
[943]: ci-info: +++++++++++++++++++++++++++Route IPv4 info++++++++++++++++++++++++++++
[   22.796592] cloud-init[943]: ci-info: +-------+-------------+----------+---------------+-----------+-------+
[   22.797224] cloud-init[943]: ci-info: | Route | Destination | Gateway  |    Genmask    | Interface | Flags |
[[0;32m  OK  [0m] Started Timer to automatically refresh installed snaps.
[   22.797469] cloud-init[943]: ci-info: +-------+-------------+----------+---------------+-----------+-------+
[   22.876677] cloud-init[943]: ci-info: |   0   |   0.0.0.0   | 10.0.2.2 |    0.0.0.0    |   enp0s3  |   UG  |
[   22.877247] cloud-init[943]: ci-info: |   1   |   10.0.2.0  | 0.0.0.0  | 255.255.255.0 |   enp0s3  |   U   |
[[0;32m  OK  [0m] Started ACPI Events Check.
[[   22.877489] cloud-init[943]: ci-info: +-------+-------------+----------+---------------+-----------+-------+
[   22.948164] cloud-init[943]: Generating public/private rsa key pair.
[   22.948342] cloud-init[943]: Your identification has been saved in /etc/ssh/ssh_host_rsa_key.
[   22.948605] cloud-init[943]: Your public key has been saved in /etc/ssh/ssh_host_rsa_key.pub.
[   22.948888] cloud-init[943]: The key fingerprint is:
[   22.949172] cloud-init[943]: SHA256:pM/FdL9T/vZYAjDsc/TiJ+nzxWqoT53DQYk6fuxnDHM root@ubuntu-xenial
[   22.949422] cloud-init[943]: The key's randomart image is:
[   22.949677] cloud-init[943]: +---[RSA 2048]----+
[   22.949980] cloud-init[943]: |                 |
[   22.950259] cloud-init[943]: |         .   . . |
[0;32m  OK  [0m] Listening on ACPID Listen Socket.
[   22.950563] cloud-init[943]: |        . = + o  |
[   23.444475] cloud-init[943]: |       o + * +   |
[[0;32m  OK  [0m] Listening on UUID daemon activation socket.
[[   23.445656] cloud-init[943]: |      . S B + + .|
[   23.533562] cloud-init[943]: |       o o *o*EB |
[0;32m  OK  [0m] Started Daily apt activities.
[[   23.533724] cloud-init[943]: |        o . B*X =|
[   23.636647] cloud-init[943]: |           =oo=Oo|
[0;32m  OK  [0m] Started Trigger resolvconf update for networkd DNS.
[[   23.636865] cloud-init[943]: |          .o+*+.+|
[   23.668785] cloud-init[943]: +----[SHA256]-----+
[0;32m  OK  [0m] Reached target Paths.
         Starting Socket activation for snappy daemon.
[   23.668979] cloud-init[943]: Generating public/private dsa key pair.
[   23.756782] cloud-init[943]: Your identification has been saved in /etc/ssh/ssh_host_dsa_key.
[   23.757270] cloud-init[943]: Your public key has been saved in /etc/ssh/ssh_host_dsa_key.pub.
[[0;32m  OK  [0m] Started Daily Cleanup of Temporary Directories.
[   23.757538] cloud-init[943]: The key fingerprint is:
[   23.773221] cloud-init[943]: SHA256:1dfMCIcjZ9wkfvBfr51fBda6I79WJ1R6iREBoAh0I+w root@ubuntu-xenial
[[0;32m  OK  [0m] Reached target Timers.
[[   23.773451] cloud-init[943]: The key's randomart image is:
[   23.845227] cloud-init[943]: +---[DSA 1024]----+
[0;32m  OK  [0m] Listening on D-Bus System Message Bus Socket.
[   23.845441] cloud-init[943]: |  o+ o   ..o=*=  |
[   24.009513] cloud-init[943]: |   .+ o . .o*B.*.|
[   24.010181] cloud-init[943]: |  .  . .  .+o.XoB|
[[0;32m  OK  [0m] Listening on LXD - unix socket.
[[   24.010439] cloud-init[943]: |   E     .   =o=+|
[   24.053259] cloud-init[943]: |        S    ...+|
[0;32m  OK  [0m] Listening on Socket activation for snappy daemon.
[[   24.053410] cloud-init[943]: |              .+=|
[   24.133490] cloud-init[943]: |            . +++|
[0;32m  OK  [0m] Started iSCSI initiator daemon (iscsid).
[   24.133712] cloud-init[943]: |             o..o|
[   24.192648] cloud-init[943]: |             .o..|
[   24.216488] cloud-init[943]: +----[SHA256]-----+
[   24.217030] cloud-init[943]: Generating public/private ecdsa key pair.
         Starting Login to default iSCSI targets...
[[   24.217315] cloud-init[943]: Your identification has been saved in /etc/ssh/ssh_host_ecdsa_key.
[   24.277638] cloud-init[943]: Your public key has been saved in /etc/ssh/ssh_host_ecdsa_key.pub.
[0;32m  OK  [0m] Reached target Sockets.
[[   24.277831] cloud-init[943]: The key fingerprint is:
[   24.408185] cloud-init[943]: SHA256:eGsH4KFZhtTvuFhhx1wtKtFJ+YmQ6OtkQrOzyeIL57M root@ubuntu-xenial
[0;32m  OK  [0m] Reached target Basic System.
[   24.408413] cloud-init[943]: The key's randomart image is:
         [   24.477010] cloud-init[943]: +---[ECDSA 256]---+
[   24.478693] cloud-init[943]: |    .o +.o .     |
[   24.478762] cloud-init[943]: |   ...= + o .    |
Starting System Logging Service...
[   24.478823] cloud-init[943]: |   .. =* = o     |
[   24.478884] cloud-init[943]: |  o .*++B o      |
[   24.588853] cloud-init[943]: | . oooo*S        |
[   24.589432]          cloud-initStarting LSB: MD monitoring daemon...[943]: 
|  + + o..o       |
[   24.607424] cloud-init[943]: |...O o .o .      |
         [   24.607954] cloud-init[943]: |oo= o .. .       |
Starting Pollinate to seed the pseudo random number generator...
[   24.610797] cloud-init[943]: |.+Eo             |
[   24.641234] cloud-init[943]: +----[SHA256]-----+
[   24.641763] cloud-init[943]: Generating public/private ed25519 key pair.
         Starting /etc/rc.local Compatibility...
[   24.642012] cloud-init[943]: Your identification has been saved in /etc/ssh/ssh_host_ed25519_key.
[   24.729385] cloud-init[943]: Your public key has been saved in /etc/ssh/ssh_host_ed25519_key.pub.
[   24.730286] cloud-init[943]: The key fingerprint is:
         Starting Apply the settings specified in cloud-config...
[   24.730882] cloud-init[943]: SHA256:Znj24wVPfJNSRQN81xWh0QQh3vrwFfoptKi+OGnr3pI root@ubuntu-xenial
         Starting LSB: Record successful boot for GRUB...
[   24.900514] cloud-init[943]: The key's randomart image is:
[   24.912905] cloud-init[943]: +--[ED25519 256]--+
[   24.913292] cloud-init[943]: |           ..=**O|[
[0;32m  OK  [0m] Started Snappy daemon.
[   24.914064] cloud-init[943]: |          . o.o++|
[   24.988760] cloud-init[943]: |           . oo..|
[   24.989287] cloud-init[943]: |       .   ......|
         Starting Login Service...
[   24.990288] cloud-init[943]: |      . S .o+o+. |
[   25.022562] cloud-init[943]: |       = . +*o+..|
[   25.041078] cloud-init[943]: |        o o.o= o |
[   25.041545] cloud-init[943]: |       Eo..o  .  |
[[0;32m  OK  [0m] Started Deferred execution scheduler.
[   25.041992] cloud-init[943]: |      +===o      |
[   25.104607] cloud-init[943]: +----[SHA256]-----+
[[0;32m  OK  [0m] Started ACPI event daemon.
         Starting Accounts Service...
[[0;32m  OK  [0m] Started FUSE filesystem for LXC.
[[0;32m  OK  [0m] Started Regular background program processing daemon.
         Starting Auto import assertions from block devices...
[[0;32m  OK  [0m] Started D-Bus System Message Bus.
         Starting LXD - container startup/shutdown...
[[0;32m  OK  [0m] Started System Logging Service.
[[0;32m  OK  [0m] Started Pollinate to seed the pseudo random number generator.
[[0;32m  OK  [0m] Started /etc/rc.local Compatibility.
[[0;32m  OK  [0m] Started Auto import assertions from block devices.
[[0;32m  OK  [0m] Started LXD - container startup/shutdown.
[[0;32m  OK  [0m] Started LSB: MD monitoring daemon.
[[0;32m  OK  [0m] Started Login to default iSCSI targets.
[[0;32m  OK  [0m] Started LSB: Record successful boot for GRUB.
[[0;32m  OK  [0m] Started Login Service.
         Starting Authenticate and Authorize Users to Run Privileged Tasks...
[[0;32m  OK  [0m] Reached target Remote File Systems (Pre).
[[0;32m  OK  [0m] Reached target Remote File Systems.
         Starting Permit User Sessions...
         Starting LSB: Set the CPU Frequency Scaling governor to "ondemand"...
         Starting LSB: daemon to balance interrupts for SMP systems...
         Starting LSB: VirtualBox Linux Additions...
         Starting LSB: automatic crash report generation...
         Starting OpenBSD Secure Shell server...
[[0;32m  OK  [0m] Started Permit User Sessions.
[[0;32m  OK  [0m] Started Authenticate and Authorize Users to Run Privileged Tasks.
[[0;32m  OK  [0m] Started Accounts Service.
[   26.012007] cloud-init[1078]: Generating locales (this might take a while)...
[[0;32m  OK  [0m] Started LSB: Set the CPU Frequency Scaling governor to "ondemand".
[[0;32m  OK  [0m] Started OpenBSD Secure Shell server.
         Starting Hold until boot process finishes up...
         Starting Terminate Plymouth Boot Screen...
[[0;32m  OK  [0m] Started LSB: daemon to balance interrupts for SMP systems.
[[0;32m  OK  [0m] Started LSB: automatic crash report generation.
[[0;32m  OK  [0m] Started Hold until boot process finishes up.
[[0;32m  OK  [0m] Started Terminate Plymouth Boot Screen.
[[0;32m  OK  [0m] Started Serial Getty on ttyS0.
[[0;32m  OK  [0m] Started Getty on tty1.
[[0;32m  OK  [0m] Reached target Login Prompts.
         Starting Set console scheme...
[[0;32m  OK  [0m] Started LSB: VirtualBox Linux Additions.
[[0;32m  OK  [0m] Started Set console scheme.
[[0;32m  OK  [0m] Reached target Multi-User System.
[[0;32m  OK  [0m] Reached target Graphical Interface.
         Starting Update UTMP about System Runlevel Changes...
[[0;32m  OK  [0m] Started Update UTMP about System Runlevel Changes.
[   27.991402] cloud-init[1078]:   en_US.UTF-8... done
[   28.009176] cloud-init[1078]: Generation complete.
         Stopping OpenBSD Secure Shell server...
[[0;32m  OK  [0m] Stopped OpenBSD Secure Shell server.
         Starting OpenBSD Secure Shell server...
[[0;32m  OK  [0m] Started OpenBSD Secure Shell server.
[[0;32m  OK  [0m] Created slice User Slice of ubuntu.
         Starting User Manager for UID 1000...
[[0;32m  OK  [0m] Started Session 1 of user ubuntu.
[[0;32m  OK  [0m] Started User Manager for UID 1000.
[   28.855125] cloud-init[1078]: Cloud-init v. 0.7.9 running 'modules:config' at Sat, 22 Apr 2017 15:55:15 +0000. Up 25.72 seconds.
[[0;32m  OK  [0m] Started Apply the settings specified in cloud-config.
         Starting Execute cloud user/final scripts...
ci-info: no authorized ssh keys fingerprints found for user ubuntu.
<14>Apr 22 15:55:19 ec2: 
<14>Apr 22 15:55:19 ec2: #############################################################
<14>Apr 22 15:55:19 ec2: -----BEGIN SSH HOST KEY FINGERPRINTS-----
<14>Apr 22 15:55:19 ec2: 1024 SHA256:1dfMCIcjZ9wkfvBfr51fBda6I79WJ1R6iREBoAh0I+w root@ubuntu-xenial (DSA)
<14>Apr 22 15:55:19 ec2: 256 SHA256:eGsH4KFZhtTvuFhhx1wtKtFJ+YmQ6OtkQrOzyeIL57M root@ubuntu-xenial (ECDSA)
<14>Apr 22 15:55:19 ec2: 256 SHA256:Znj24wVPfJNSRQN81xWh0QQh3vrwFfoptKi+OGnr3pI root@ubuntu-xenial (ED25519)
<14>Apr 22 15:55:19 ec2: 2048 SHA256:pM/FdL9T/vZYAjDsc/TiJ+nzxWqoT53DQYk6fuxnDHM root@ubuntu-xenial (RSA)
<14>Apr 22 15:55:19 ec2: -----END SSH HOST KEY FINGERPRINTS-----
<14>Apr 22 15:55:19 ec2: #############################################################
-----BEGIN SSH HOST KEY KEYS-----
ecdsa-sha2-nistp256 AAAAE2VjZHNhLXNoYTItbmlzdHAyNTYAAAAIbmlzdHAyNTYAAABBBF9mMy/lriiIB6pImEHXsDWc1rQVtS956Sf+LZiyDWPZKV5aNkYO66eCkXe539F8N5dH5p6Fa408QWX04ja73LM= root@ubuntu-xenial
ssh-ed25519 AAAAC3NzaC1lZDI1NTE5AAAAIKnVKqMUe8/+rgSF0WVAVHTmUAir4X5WMoZ9UWuMwldv root@ubuntu-xenial
ssh-rsa AAAAB3NzaC1yc2EAAAADAQABAAABAQCkm9seUM8E1eurDJYPJ5RTy3Zbzq0XT1D9t53Fqp3AO7AXeo1xNqhYJIMD5VTwxSmWO0/Qt8gRag6FHfuId+jPWVABZbl/FMaHD0M/Pg98OxsceevgXPE0Z5sBojsnczTjUHRcQAusMOfP0qEEU7BUwiuvoG0lqsSdtxVLE82aY9cS0+FLypfhNb1VRMpKHLEGJItTC5JhFeFlvh2ZQErmsPnkjojRDUzS1577kuyehDe6hY060nUtjrTnpVvhGoYCW0M86mVYCj+45UJbeVvnO/e4Ndg4y4qSGjWoF45kT+G8qm/waJNgY5NWC5MYPvEgj/BrUCqKN65tuTojdF3P root@ubuntu-xenial
-----END SSH HOST KEY KEYS-----
[   30.318531] cloud-init[1386]: Cloud-init v. 0.7.9 running 'modules:final' at Sat, 22 Apr 2017 15:55:19 +0000. Up 29.72 seconds.
[   30.336139] cloud-init[1386]: ci-info: no authorized ssh keys fingerprints found for user ubuntu.
[   30.353961] cloud-init[1386]: Cloud-init v. 0.7.9 finished at Sat, 22 Apr 2017 15:55:19 +0000. Datasource DataSourceNoCloud [seed=/dev/sdb][dsmode=net].  Up 30.30 seconds
[[0;32m  OK  [0m] Started Execute cloud user/final scripts.
[[0;32m  OK  [0m] Reached target Cloud-init target.

Ubuntu 16.04.2 LTS ubuntu-xenial ttyS0

ubuntu-xenial login: [ 2661.291641] e1000 0000:00:03.0 enp0s3: Detected Tx Unit Hang
[ 2661.291641]   Tx Queue             <0>
[ 2661.291641]   TDH                  <41>
[ 2661.291641]   TDT                  <43>
[ 2661.291641]   next_to_use          <43>
[ 2661.291641]   next_to_clean        <41>
[ 2661.291641] buffer_info[next_to_clean]
[ 2661.291641]   time_stamp           <10008fa75>
[ 2661.291641]   next_to_watch        <42>
[ 2661.291641]   jiffies              <10008fd3e>
[ 2661.291641]   next_to_watch.status <0>
[ 2663.292618] e1000 0000:00:03.0 enp0s3: Detected Tx Unit Hang
[ 2663.292618]   Tx Queue             <0>
[ 2663.292618]   TDH                  <41>
[ 2663.292618]   TDT                  <43>
[ 2663.292618]   next_to_use          <43>
[ 2663.292618]   next_to_clean        <41>
[ 2663.292618] buffer_info[next_to_clean]
[ 2663.292618]   time_stamp           <10008fa75>
[ 2663.292618]   next_to_watch        <42>
[ 2663.292618]   jiffies              <10008ff33>
[ 2663.292618]   next_to_watch.status <0>
[ 2665.297223] e1000 0000:00:03.0 enp0s3: Detected Tx Unit Hang
[ 2665.297223]   Tx Queue             <0>
[ 2665.297223]   TDH                  <41>
[ 2665.297223]   TDT                  <43>
[ 2665.297223]   next_to_use          <43>
[ 2665.297223]   next_to_clean        <41>
[ 2665.297223] buffer_info[next_to_clean]
[ 2665.297223]   time_stamp           <10008fa75>
[ 2665.297223]   next_to_watch        <42>
[ 2665.297223]   jiffies              <100090128>
[ 2665.297223]   next_to_watch.status <0>
[ 2665.648542] e1000 0000:00:03.0 enp0s3: Reset adapter
